1510732187125	geckodriver	INFO	Listening on 127.0.0.1:33553
1510732189172	geckodriver::marionette	INFO	Starting browser C:\Program Files\Mozilla Firefox\firefox.exe with args ["-marionette"]
1510732189339	addons.xpi	WARN	Error parsing extensions state: [Exception... "Component returned failure code: 0x80520012 (NS_ERROR_FILE_NOT_FOUND) [amIAddonManagerStartup.readStartupData]"  nsresult: "0x80520012 (NS_ERROR_FILE_NOT_FOUND)"  location: "JS frame :: resource://gre/modules/addons/XPIProvider.jsm :: loadExtensionState :: line 1554"  data: no] Stack trace: loadExtensionState()@resource://gre/modules/addons/XPIProvider.jsm:1554 < getInstallState()@resource://gre/modules/addons/XPIProvider.jsm:1589 < checkForChanges()@resource://gre/modules/addons/XPIProvider.jsm:3109 < startup()@resource://gre/modules/addons/XPIProvider.jsm:2188 < callProvider()@resource://gre/modules/AddonManager.jsm:269 < _startProvider()@resource://gre/modules/AddonManager.jsm:739 < startup()@resource://gre/modules/AddonManager.jsm:906 < startup()@resource://gre/modules/AddonManager.jsm:3090 < observe()@jar:file:///C:/Program%20Files/Mozilla%20Firefox/omni.ja!/components/addonManager.js:65
1510732189943	Marionette	INFO	Enabled via --marionette
Unable to read VR Path Registry from C:\Users\v-haolin\AppData\Local\openvr\openvrpaths.vrpath
[Child 16352] WARNING: pipe error: 109: file z:/build/build/src/ipc/chromium/src/chrome/common/ipc_channel_win.cc, line 346
[Child 16352] WARNING: pipe error: 109: file z:/build/build/src/ipc/chromium/src/chrome/common/ipc_channel_win.cc, line 346
1510732192186	Marionette	INFO	Listening on port 33559
1510732192345	Marionette	WARN	TLS certificate errors will be ignored for this session
1510732192396	Marionette	DEBUG	Register listener.js for window 4294967297
1510732192418	Marionette	DEBUG	Received DOM event "beforeunload" for "about:blank"
1510732194048	Marionette	DEBUG	Received DOM event "pagehide" for "about:blank"
1510732194048	Marionette	DEBUG	Received DOM event "unload" for "about:blank"
1510732194839	Marionette	DEBUG	Received DOM event "DOMContentLoaded" for "https://www.google.co.jp/search?hl=en&q=French+legislative+election,+1978+Fran%C3%A7ois+Mitterrand&start=90&tbs=0&safe=off&tbm=&gws_rd=cr&dcr=0&ei=oPELWpfdO8qf0gSHwaywAw"
1510732195285	Marionette	DEBUG	Received observer notification "outer-window-destroyed" for "4294967301"
1510732195479	Marionette	DEBUG	Received DOM event "pageshow" for "https://www.google.co.jp/search?hl=en&q=French+legislative+election,+1978+Fran%C3%A7ois+Mitterrand&start=90&tbs=0&safe=off&tbm=&gws_rd=cr&dcr=0&ei=oPELWpfdO8qf0gSHwaywAw"
ran%C3%A7ois+Mitterrand&start=40&tbs=0&safe=off&tbm=&gws_rd=cr&dcr=0&ei=a_ELWpu9MIrA0gSo7JvABQ"
start=90&tbs=0&safe=off&tbm=&gws_rd=cr&dcr=0&ei=KPELWsKvBcfL0gT4jrqgBA"
DInUvgSRl4CIBA"
0&safe=off&tbm=&gws_rd=cr&dcr=0&ei=W-0LWrGeMsP-0gSHlYjoBA"
1510731101924	Marionette	DEBUG	Received observer notification "outer-window-destroyed" for "6442450949"
1510731102144	Marionette	DEBUG	Received DOM event "pageshow" for "https://www.google.co.jp/search?hl=en&q=Moldavia+Alexandru+Ioan+Cuza&start=40&tbs=0&safe=off&tbm=&gws_rd=cr&dcr=0&ei=W-0LWrGeMsP-0gSHlYjoBA"

able to read VR Path Registry from C:\Users\v-haolin\AppData\Local\openvr\openvrpaths.vrpath
[GPU 8684] WARNING: pipe error: 109: file z:/build/build/src/ipc/chromium/src/chrome/common/ipc_channel_win.cc, line 346
Unable to read VR Path Registry from C:\Users\v-haolin\AppData\Local\openvr\openvrpaths.vrpath
omium/src/chrome/common/ipc_channel_win.cc, line 346
*** UTM:SVC TimerManager:registerTimer called after profile-before-change notification. Ignoring timer registration for id: telemetry_modules_ping
Unable to read VR Path Registry from C:\Users\v-haolin\AppData\Local\openvr\openvrpaths.vrpath
[GPU 12296] WARNING: pipe error: 109: file z:/build/build/src/ipc/chromium/src/chrome/common/ipc_channel_win.cc, line 346
Unable to read VR Path Registry from C:\Users\v-haolin\AppData\Local\openvr\openvrpaths.vrpath
arionette	DEBUG	Received DOM event "pageshow" for "https://ipv6.google.com/sorry/index?continue=https://www.google.co.jp/search%3Fhl%3Den%26q%3DS%25C3%25A9rgio%2BRicardo%2BMessias%2BNeves%2BAl-Hilal%2BFC%26start%3D20%26tbs%3D0%26safe%3Doff%26tbm%3D%26gws_rd%3Dcr%26dcr%3D0%26ei%3DdsELWumPOsKp0gT1irWADg&hl=en&q=EhAkBPgBgFAAAgAAAAAAAAKoGPeCr9AFIhkA8aeDS_1JR-lit2JCe3YyO-14QvhIvX8eMgFy"
1510719924322	Marionette	DEBUG	Received DOM event "beforeunload" for "https://ipv6.google.com/sorry/index?continue=https://www.google.co.jp/search%3Fhl%3Den%26q%3DS%25C3%25A9rgio%2BRicardo%2BMessias%2BNeves%2BAl-Hilal%2BFC%26start%3D20%26tbs%3D0%26safe%3Doff%26tbm%3D%26gws_rd%3Dcr%26dcr%3D0%26ei%3DdsELWumPOsKp0gT1irWADg&hl=en&q=EhAkBPgBgFAAAgAAAAAAAAKoGPeCr9AFIhkA8aeDS_1JR-lit2JCe3YyO-14QvhIvX8eMgFy"
Unable to read VR Path Registry from C:\Users\v-haolin\AppData\Local\openvr\openvrpaths.vrpath
[Child 6652] WARNING: pipe error: 109: file z:/build/build/src/ipc/chromium/src/chrome/common/ipc_channel_win.cc, line 346
[Child 6652] WARNING: pipe error: 109: file z:/build/build/src/ipc/chromium/src/chrome/common/ipc_channel_win.cc, line 346
Unable to read VR Path Registry from C:\Users\v-haolin\AppData\Local\openvr\openvrpaths.vrpath
[GPU 16152] WARNING: pipe error: 109: file z:/build/build/src/ipc/chromium/src/chrome/common/ipc_channel_win.cc, line 346
&gws_rd=cr&dcr=0&ei=L8ELWvrEEoOo0ATIi4uoCA"
1510719792075	Marionette	DEBUG	Received DOM event "pageshow" for "https://www.google.co.jp/search?hl=en&q=S%C3%A9rgio+Ricardo+Messias+Neves+Al-Hilal+FC&start=10&tbs=0&safe=off&tbm=&gws_rd=cr&dcr=0&ei=L8ELWvrEEoOo0ATIi4uoCA"
do+Messias+Neves+Al-Hilal+FC&btnG=Google+Search&tbs=0&safe=off&tbm=&gws_rd=cr&dcr=0&ei=qcALWv7oNYir0QTA6YLQBQ"
1510719658792	Marionette	DEBUG	Received observer notification "outer-window-destroyed" for "4294967334"
1510719658831	Marionette	DEBUG	Received DOM event "pageshow" for "https://www.google.co.jp/search?hl=en&q=S%C3%A9rgio+Ricardo+Messias+Neves+Al-Hilal+FC&btnG=Google+Search&tbs=0&safe=off&tbm=&gws_rd=cr&dcr=0&ei=qcALWv7oNYir0QTA6YLQBQ"
t "DOMContentLoaded" for "https://ipv6.google.com/sorry/index?continue=https://www.google.com/search%3Fhl%3Den%26q%3DS%25C3%25A9rgio%2BRicardo%2BMessias%2BNeves%2BAl-Hilal%2BFC%26btnG%3DGoogle%2BSearch%26tbs%3D0%26safe%3Doff%26tbm%3D&hl=en&q=EhAkBPgBgFAAAgAAAAAAAAKoGLnyrtAFIhkA8aeDS8NvYspDtPmsz0wSdEFnO1-hPH5JMgFy"
1510717753864	Marionette	DEBUG	Received observer notification "outer-window-destroyed" for "6442450960"
1510717753865	Marionette	DEBUG	Received observer notification "outer-window-destroyed" for "6442450962"
1510717754193	Marionette	DEBUG	Received observer notification "outer-window-destroyed" for "6442450975"
1510717754342	Marionette	DEBUG	Received DOM event "pageshow" for "https://ipv6.google.com/sorry/index?continue=https://www.google.com/search%3Fhl%3Den%26q%3DS%25C3%25A9rgio%2BRicardo%2BMessias%2BNeves%2BAl-Hilal%2BFC%26btnG%3DGoogle%2BSearch%26tbs%3D0%26safe%3Doff%26tbm%3D&hl=en&q=EhAkBPgBgFAAAgAAAAAAAAKoGLnyrtAFIhkA8aeDS8NvYspDtPmsz0wSdEFnO1-hPH5JMgFy"
1510717814379	Marionette	DEBUG	Received DOM event "beforeunload" for "https://ipv6.google.com/sorry/index?continue=https://www.google.com/search%3Fhl%3Den%26q%3DS%25C3%25A9rgio%2BRicardo%2BMessias%2BNeves%2BAl-Hilal%2BFC%26btnG%3DGoogle%2BSearch%26tbs%3D0%26safe%3Doff%26tbm%3D&hl=en&q=EhAkBPgBgFAAAgAAAAAAAAKoGLnyrtAFIhkA8aeDS8NvYspDtPmsz0wSdEFnO1-hPH5JMgFy"
1510717814884	Marionette	DEBUG	Received DOM event "pagehide" for "https://ipv6.google.com/sorry/index?continue=https://www.google.com/search%3Fhl%3Den%26q%3DS%25C3%25A9rgio%2BRicardo%2BMessias%2BNeves%2BAl-Hilal%2BFC%26btnG%3DGoogle%2BSearch%26tbs%3D0%26safe%3Doff%26tbm%3D&hl=en&q=EhAkBPgBgFAAAgAAAAAAAAKoGLnyrtAFIhkA8aeDS8NvYspDtPmsz0wSdEFnO1-hPH5JMgFy"
1510717814885	Marionette	DEBUG	Received DOM event "unload" for "https://ipv6.google.com/sorry/index?continue=https://www.google.com/search%3Fhl%3Den%26q%3DS%25C3%25A9rgio%2BRicardo%2BMessias%2BNeves%2BAl-Hilal%2BFC%26btnG%3DGoogle%2BSearch%26tbs%3D0%26safe%3Doff%26tbm%3D&hl=en&q=EhAkBPgBgFAAAgAAAAAAAAKoGLnyrtAFIhkA8aeDS8NvYspDtPmsz0wSdEFnO1-hPH5JMgFy"
1510717814897	Marionette	DEBUG	Received DOM event "DOMContentLoaded" for "https://ipv6.google.com/sorry/index?continue=https://www.google.com/search%3Fhl%3Den%26q%3DS%25C3%25A9rgio%2BRicardo%2BMessias%2BNeves%2BAl-Hilal%2BFC%26btnG%3DGoogle%2BSearch%26tbs%3D0%26safe%3Doff%26tbm%3D&hl=en&q=EhAkBPgBgFAAAgAAAAAAAAKoGPbyrtAFIhkA8aeDSya6i6hjrFOhvUku1EewVJ7GxT7IMgFy"
1510717814914	Marionette	DEBUG	Received observer notification "outer-window-destroyed" for "6442450972"
1510717814916	Marionette	DEBUG	Received observer notification "outer-window-destroyed" for "6442450974"
1510717815247	Marionette	DEBUG	Received observer notification "outer-window-destroyed" for "6442450985"
1510717815398	Marionette	DEBUG	Received DOM event "pageshow" for "https://ipv6.google.com/sorry/index?continue=https://www.google.com/search%3Fhl%3Den%26q%3DS%25C3%25A9rgio%2BRicardo%2BMessias%2BNeves%2BAl-Hilal%2BFC%26btnG%3DGoogle%2BSearch%26tbs%3D0%26safe%3Doff%26tbm%3D&hl=en&q=EhAkBPgBgFAAAgAAAAAAAAKoGPbyrtAFIhkA8aeDSya6i6hjrFOhvUku1EewVJ7GxT7IMgFy"
Unable to read VR Path Registry from C:\Users\v-haolin\AppData\Local\openvr\openvrpaths.vrpath
[Parent 14760] WARNING: pipe error: 109: file z:/build/build/src/ipc/chromium/src/chrome/common/ipc_channel_win.cc, line 346
[Parent 14760] WARNING: pipe error: 109: file z:/build/build/src/ipc/chromium/src/chrome/common/ipc_channel_win.cc, line 346
1510717875412	Marionette	DEBUG	Received DOM event "beforeunload" for "https://www.google.com/search?hl=en&q=S%C3%A9rgio+Ricardo+Messias+Neves+Al-Hilal+FC&btnG=Google+Search&tbs=0&safe=off&tbm="
1510717876274	Marionette	DEBUG	Received DOM event "pagehide" for "https://www.google.com/search?hl=en&q=S%C3%A9rgio+Ricardo+Messias+Neves+Al-Hilal+FC&btnG=Google+Search&tbs=0&safe=off&tbm="
1510717876276	Marionette	DEBUG	Received DOM event "unload" for "https://www.google.com/search?hl=en&q=S%C3%A9rgio+Ricardo+Messias+Neves+Al-Hilal+FC&btnG=Google+Search&tbs=0&safe=off&tbm="
1510717876287	Marionette	DEBUG	Received DOM event "DOMContentLoaded" for "https://ipv6.google.com/sorry/index?continue=https://www.google.co.jp/search%3Fhl%3Den%26q%3DS%25C3%25A9rgio%2BRicardo%2BMessias%2BNeves%2BAl-Hilal%2BFC%26btnG%3DGoogle%2BSearch%26tbs%3D0%26safe%3Doff%26tbm%3D%26gws_rd%3Dcr%26dcr%3D0%26ei%3Ds7kLWqG7HYjJ0gSqzobADA&hl=en&q=EhAkBPgBgFAAAgAAAAAAAAKoGLPzrtAFIhkA8aeDS7TuaKjEyf4gEXRaWhGLkutz3MLEMgFy"
1510717876297	Marionette	DEBUG	Received observer notification "outer-window-destroyed" for "6442450996"
1510717876648	Marionette	DEBUG	Received observer notification "outer-window-destroyed" for "6442451002"
1510717876766	Marionette	DEBUG	Received DOM event "pageshow" for "https://ipv6.google.com/sorry/index?continue=https://www.google.co.jp/search%3Fhl%3Den%26q%3DS%25C3%25A9rgio%2BRicardo%2BMessias%2BNeves%2BAl-Hilal%2BFC%26btnG%3DGoogle%2BSearch%26tbs%3D0%26safe%3Doff%26tbm%3D%26gws_rd%3Dcr%26dcr%3D0%26ei%3Ds7kLWqG7HYjJ0gSqzobADA&hl=en&q=EhAkBPgBgFAAAgAAAAAAAAKoGLPzrtAFIhkA8aeDS7TuaKjEyf4gEXRaWhGLkutz3MLEMgFy"
1510717936798	Marionette	DEBUG	Received DOM event "beforeunload" for "https://ipv6.google.com/sorry/index?continue=https://www.google.co.jp/search%3Fhl%3Den%26q%3DS%25C3%25A9rgio%2BRicardo%2BMessias%2BNeves%2BAl-Hilal%2BFC%26btnG%3DGoogle%2BSearch%26tbs%3D0%26safe%3Doff%26tbm%3D%26gws_rd%3Dcr%26dcr%3D0%26ei%3Ds7kLWqG7HYjJ0gSqzobADA&hl=en&q=EhAkBPgBgFAAAgAAAAAAAAKoGLPzrtAFIhkA8aeDS7TuaKjEyf4gEXRaWhGLkutz3MLEMgFy"
1510717937450	Marionette	DEBUG	Received DOM event "pagehide" for "https://ipv6.google.com/sorry/index?continue=https://www.google.co.jp/search%3Fhl%3Den%26q%3DS%25C3%25A9rgio%2BRicardo%2BMessias%2BNeves%2BAl-Hilal%2BFC%26btnG%3DGoogle%2BSearch%26tbs%3D0%26safe%3Doff%26tbm%3D%26gws_rd%3Dcr%26dcr%3D0%26ei%3Ds7kLWqG7HYjJ0gSqzobADA&hl=en&q=EhAkBPgBgFAAAgAAAAAAAAKoGLPzrtAFIhkA8aeDS7TuaKjEyf4gEXRaWhGLkutz3MLEMgFy"
1510717937450	Marionette	DEBUG	Received DOM event "unload" for "https://ipv6.google.com/sorry/index?continue=https://www.google.co.jp/search%3Fhl%3Den%26q%3DS%25C3%25A9rgio%2BRicardo%2BMessias%2BNeves%2BAl-Hilal%2BFC%26btnG%3DGoogle%2BSearch%26tbs%3D0%26safe%3Doff%26tbm%3D%26gws_rd%3Dcr%26dcr%3D0%26ei%3Ds7kLWqG7HYjJ0gSqzobADA&hl=en&q=EhAkBPgBgFAAAgAAAAAAAAKoGLPzrtAFIhkA8aeDS7TuaKjEyf4gEXRaWhGLkutz3MLEMgFy"
1510717937463	Marionette	DEBUG	Received DOM event "DOMContentLoaded" for "https://ipv6.google.com/sorry/index?continue=https://www.google.co.jp/search%3Fhl%3Den%26q%3DS%25C3%25A9rgio%2BRicardo%2BMessias%2BNeves%2BAl-Hilal%2BFC%26btnG%3DGoogle%2BSearch%26tbs%3D0%26safe%3Doff%26tbm%3D%26gws_rd%3Dcr%26dcr%3D0%26ei%3D8LkLWqiTNYfh0gS02YXYCA&hl=en&q=EhAkBPgBgFAAAgAAAAAAAAKoGPDzrtAFIhkA8aeDSxqX_og3KtBDmQRBL1rON0oEuty1MgFy"
1510717937478	Marionette	DEBUG	Received observer notification "outer-window-destroyed" for "6442450999"
1510717937479	Marionette	DEBUG	Received observer notification "outer-window-destroyed" for "6442451001"
1510717937917	Marionette	DEBUG	Received observer notification "outer-window-destroyed" for "6442451010"
1510717938049	Marionette	DEBUG	Received DOM event "pageshow" for "https://ipv6.google.com/sorry/index?continue=https://www.google.co.jp/search%3Fhl%3Den%26q%3DS%25C3%25A9rgio%2BRicardo%2BMessias%2BNeves%2BAl-Hilal%2BFC%26btnG%3DGoogle%2BSearch%26tbs%3D0%26safe%3Doff%26tbm%3D%26gws_rd%3Dcr%26dcr%3D0%26ei%3D8LkLWqiTNYfh0gS02YXYCA&hl=en&q=EhAkBPgBgFAAAgAAAAAAAAKoGPDzrtAFIhkA8aeDSxqX_og3KtBDmQRBL1rON0oEuty1MgFy"
1510717998070	Marionette	DEBUG	Received DOM event "beforeunload" for "https://ipv6.google.com/sorry/index?continue=https://www.google.co.jp/search%3Fhl%3Den%26q%3DS%25C3%25A9rgio%2BRicardo%2BMessias%2BNeves%2BAl-Hilal%2BFC%26btnG%3DGoogle%2BSearch%26tbs%3D0%26safe%3Doff%26tbm%3D%26gws_rd%3Dcr%26dcr%3D0%26ei%3D8LkLWqiTNYfh0gS02YXYCA&hl=en&q=EhAkBPgBgFAAAgAAAAAAAAKoGPDzrtAFIhkA8aeDSxqX_og3KtBDmQRBL1rON0oEuty1MgFy"
1510717998713	Marionette	DEBUG	Received DOM event "pagehide" for "https://ipv6.google.com/sorry/index?continue=https://www.google.co.jp/search%3Fhl%3Den%26q%3DS%25C3%25A9rgio%2BRicardo%2BMessias%2BNeves%2BAl-Hilal%2BFC%26btnG%3DGoogle%2BSearch%26tbs%3D0%26safe%3Doff%26tbm%3D%26gws_rd%3Dcr%26dcr%3D0%26ei%3D8LkLWqiTNYfh0gS02YXYCA&hl=en&q=EhAkBPgBgFAAAgAAAAAAAAKoGPDzrtAFIhkA8aeDSxqX_og3KtBDmQRBL1rON0oEuty1MgFy"
1510717998714	Marionette	DEBUG	Received DOM event "unload" for "https://ipv6.google.com/sorry/index?continue=https://www.google.co.jp/search%3Fhl%3Den%26q%3DS%25C3%25A9rgio%2BRicardo%2BMessias%2BNeves%2BAl-Hilal%2BFC%26btnG%3DGoogle%2BSearch%26tbs%3D0%26safe%3Doff%26tbm%3D%26gws_rd%3Dcr%26dcr%3D0%26ei%3D8LkLWqiTNYfh0gS02YXYCA&hl=en&q=EhAkBPgBgFAAAgAAAAAAAAKoGPDzrtAFIhkA8aeDSxqX_og3KtBDmQRBL1rON0oEuty1MgFy"
1510717998728	Marionette	DEBUG	Received DOM event "DOMContentLoaded" for "https://ipv6.google.com/sorry/index?continue=https://www.google.co.jp/search%3Fhl%3Den%26q%3DS%25C3%25A9rgio%2BRicardo%2BMessias%2BNeves%2BAl-Hilal%2BFC%26btnG%3DGoogle%2BSearch%26tbs%3D0%26safe%3Doff%26tbm%3D%26gws_rd%3Dcr%26dcr%3D0%26ei%3DLroLWrfYCMmn0ATT7ZrgCQ&hl=en&q=EhAkBPgBgFAAAgAAAAAAAAKoGK70rtAFIhkA8aeDSz-3Jb3qzLhMx2RPvit0pnCvHeAOMgFy"
1510717999039	Marionette	DEBUG	Received observer notification "outer-window-destroyed" for "6442451007"
1510717999040	Marionette	DEBUG	Received observer notification "outer-window-destroyed" for "6442451009"
1510717999103	Marionette	DEBUG	Received observer notification "outer-window-destroyed" for "6442451018"
1510717999332	Marionette	DEBUG	Received DOM event "pageshow" for "https://ipv6.google.com/sorry/index?continue=https://www.google.co.jp/search%3Fhl%3Den%26q%3DS%25C3%25A9rgio%2BRicardo%2BMessias%2BNeves%2BAl-Hilal%2BFC%26btnG%3DGoogle%2BSearch%26tbs%3D0%26safe%3Doff%26tbm%3D%26gws_rd%3Dcr%26dcr%3D0%26ei%3DLroLWrfYCMmn0ATT7ZrgCQ&hl=en&q=EhAkBPgBgFAAAgAAAAAAAAKoGK70rtAFIhkA8aeDSz-3Jb3qzLhMx2RPvit0pnCvHeAOMgFy"
1510718059363	Marionette	DEBUG	Received DOM event "beforeunload" for "https://ipv6.google.com/sorry/index?continue=https://www.google.co.jp/search%3Fhl%3Den%26q%3DS%25C3%25A9rgio%2BRicardo%2BMessias%2BNeves%2BAl-Hilal%2BFC%26btnG%3DGoogle%2BSearch%26tbs%3D0%26safe%3Doff%26tbm%3D%26gws_rd%3Dcr%26dcr%3D0%26ei%3DLroLWrfYCMmn0ATT7ZrgCQ&hl=en&q=EhAkBPgBgFAAAgAAAAAAAAKoGK70rtAFIhkA8aeDSz-3Jb3qzLhMx2RPvit0pnCvHeAOMgFy"
1510718060021	Marionette	DEBUG	Received DOM event "pagehide" for "https://ipv6.google.com/sorry/index?continue=https://www.google.co.jp/search%3Fhl%3Den%26q%3DS%25C3%25A9rgio%2BRicardo%2BMessias%2BNeves%2BAl-Hilal%2BFC%26btnG%3DGoogle%2BSearch%26tbs%3D0%26safe%3Doff%26tbm%3D%26gws_rd%3Dcr%26dcr%3D0%26ei%3DLroLWrfYCMmn0ATT7ZrgCQ&hl=en&q=EhAkBPgBgFAAAgAAAAAAAAKoGK70rtAFIhkA8aeDSz-3Jb3qzLhMx2RPvit0pnCvHeAOMgFy"
1510718060022	Marionette	DEBUG	Received DOM event "unload" for "https://ipv6.google.com/sorry/index?continue=https://www.google.co.jp/search%3Fhl%3Den%26q%3DS%25C3%25A9rgio%2BRicardo%2BMessias%2BNeves%2BAl-Hilal%2BFC%26btnG%3DGoogle%2BSearch%26tbs%3D0%26safe%3Doff%26tbm%3D%26gws_rd%3Dcr%26dcr%3D0%26ei%3DLroLWrfYCMmn0ATT7ZrgCQ&hl=en&q=EhAkBPgBgFAAAgAAAAAAAAKoGK70rtAFIhkA8aeDSz-3Jb3qzLhMx2RPvit0pnCvHeAOMgFy"
1510718060097	Marionette	DEBUG	Received DOM event "DOMContentLoaded" for "https://ipv6.google.com/sorry/index?continue=https://www.google.co.jp/search%3Fhl%3Den%26q%3DS%25C3%25A9rgio%2BRicardo%2BMessias%2BNeves%2BAl-Hilal%2BFC%26btnG%3DGoogle%2BSearch%26tbs%3D0%26safe%3Doff%26tbm%3D%26gws_rd%3Dcr%26dcr%3D0%26ei%3Da7oLWtvZGoOv0gTE-J_wAQ&hl=en&q=EhAkBPgBgFAAAgAAAAAAAAKoGOv0rtAFIhkA8aeDS-cSulVrYKXQHsPW01-EHfy72YOjMgFy"
1510718060432	Marionette	DEBUG	Received observer notification "outer-window-destroyed" for "6442451015"
1510718060432	Marionette	DEBUG	Received observer notification "outer-window-destroyed" for "6442451017"
1510718060495	Marionette	DEBUG	Received observer notification "outer-window-destroyed" for "6442451026"
1510718060702	Marionette	DEBUG	Received DOM event "pageshow" for "https://ipv6.google.com/sorry/index?continue=https://www.google.co.jp/search%3Fhl%3Den%26q%3DS%25C3%25A9rgio%2BRicardo%2BMessias%2BNeves%2BAl-Hilal%2BFC%26btnG%3DGoogle%2BSearch%26tbs%3D0%26safe%3Doff%26tbm%3D%26gws_rd%3Dcr%26dcr%3D0%26ei%3Da7oLWtvZGoOv0gTE-J_wAQ&hl=en&q=EhAkBPgBgFAAAgAAAAAAAAKoGOv0rtAFIhkA8aeDS-cSulVrYKXQHsPW01-EHfy72YOjMgFy"
1510718120730	Marionette	DEBUG	Received DOM event "beforeunload" for "https://ipv6.google.com/sorry/index?continue=https://www.google.co.jp/search%3Fhl%3Den%26q%3DS%25C3%25A9rgio%2BRicardo%2BMessias%2BNeves%2BAl-Hilal%2BFC%26btnG%3DGoogle%2BSearch%26tbs%3D0%26safe%3Doff%26tbm%3D%26gws_rd%3Dcr%26dcr%3D0%26ei%3Da7oLWtvZGoOv0gTE-J_wAQ&hl=en&q=EhAkBPgBgFAAAgAAAAAAAAKoGOv0rtAFIhkA8aeDS-cSulVrYKXQHsPW01-EHfy72YOjMgFy"
1510718121458	Marionette	DEBUG	Received DOM event "pagehide" for "https://ipv6.google.com/sorry/index?continue=https://www.google.co.jp/search%3Fhl%3Den%26q%3DS%25C3%25A9rgio%2BRicardo%2BMessias%2BNeves%2BAl-Hilal%2BFC%26btnG%3DGoogle%2BSearch%26tbs%3D0%26safe%3Doff%26tbm%3D%26gws_rd%3Dcr%26dcr%3D0%26ei%3Da7oLWtvZGoOv0gTE-J_wAQ&hl=en&q=EhAkBPgBgFAAAgAAAAAAAAKoGOv0rtAFIhkA8aeDS-cSulVrYKXQHsPW01-EHfy72YOjMgFy"
1510718121459	Marionette	DEBUG	Received DOM event "unload" for "https://ipv6.google.com/sorry/index?continue=https://www.google.co.jp/search%3Fhl%3Den%26q%3DS%25C3%25A9rgio%2BRicardo%2BMessias%2BNeves%2BAl-Hilal%2BFC%26btnG%3DGoogle%2BSearch%26tbs%3D0%26safe%3Doff%26tbm%3D%26gws_rd%3Dcr%26dcr%3D0%26ei%3Da7oLWtvZGoOv0gTE-J_wAQ&hl=en&q=EhAkBPgBgFAAAgAAAAAAAAKoGOv0rtAFIhkA8aeDS-cSulVrYKXQHsPW01-EHfy72YOjMgFy"
1510718121471	Marionette	DEBUG	Received DOM event "DOMContentLoaded" for "https://ipv6.google.com/sorry/index?continue=https://www.google.co.jp/search%3Fhl%3Den%26q%3DS%25C3%25A9rgio%2BRicardo%2BMessias%2BNeves%2BAl-Hilal%2BFC%26btnG%3DGoogle%2BSearch%26tbs%3D0%26safe%3Doff%26tbm%3D%26gws_rd%3Dcr%26dcr%3D0%26ei%3DqLoLWtzpMIX-0gS6lqC4CQ&hl=en&q=EhAkBPgBgFAAAgAAAAAAAAKoGKj1rtAFIhkA8aeDSyQW89cfMcgVV3-73bo54IkkQctGMgFy"
1510718121802	Marionette	DEBUG	Received observer notification "outer-window-destroyed" for "6442451023"
1510718121802	Marionette	DEBUG	Received observer notification "outer-window-destroyed" for "6442451025"
1510718121877	Marionette	DEBUG	Received observer notification "outer-window-destroyed" for "6442451034"
1510718122078	Marionette	DEBUG	Received DOM event "pageshow" for "https://ipv6.google.com/sorry/index?continue=https://www.google.co.jp/search%3Fhl%3Den%26q%3DS%25C3%25A9rgio%2BRicardo%2BMessias%2BNeves%2BAl-Hilal%2BFC%26btnG%3DGoogle%2BSearch%26tbs%3D0%26safe%3Doff%26tbm%3D%26gws_rd%3Dcr%26dcr%3D0%26ei%3DqLoLWtzpMIX-0gS6lqC4CQ&hl=en&q=EhAkBPgBgFAAAgAAAAAAAAKoGKj1rtAFIhkA8aeDSyQW89cfMcgVV3-73bo54IkkQctGMgFy"
1510718182096	Marionette	DEBUG	Received DOM event "beforeunload" for "https://ipv6.google.com/sorry/index?continue=https://www.google.co.jp/search%3Fhl%3Den%26q%3DS%25C3%25A9rgio%2BRicardo%2BMessias%2BNeves%2BAl-Hilal%2BFC%26btnG%3DGoogle%2BSearch%26tbs%3D0%26safe%3Doff%26tbm%3D%26gws_rd%3Dcr%26dcr%3D0%26ei%3DqLoLWtzpMIX-0gS6lqC4CQ&hl=en&q=EhAkBPgBgFAAAgAAAAAAAAKoGKj1rtAFIhkA8aeDSyQW89cfMcgVV3-73bo54IkkQctGMgFy"
1510718182763	Marionette	DEBUG	Received DOM event "pagehide" for "https://ipv6.google.com/sorry/index?continue=https://www.google.co.jp/search%3Fhl%3Den%26q%3DS%25C3%25A9rgio%2BRicardo%2BMessias%2BNeves%2BAl-Hilal%2BFC%26btnG%3DGoogle%2BSearch%26tbs%3D0%26safe%3Doff%26tbm%3D%26gws_rd%3Dcr%26dcr%3D0%26ei%3DqLoLWtzpMIX-0gS6lqC4CQ&hl=en&q=EhAkBPgBgFAAAgAAAAAAAAKoGKj1rtAFIhkA8aeDSyQW89cfMcgVV3-73bo54IkkQctGMgFy"
1510718182763	Marionette	DEBUG	Received DOM event "unload" for "https://ipv6.google.com/sorry/index?continue=https://www.google.co.jp/search%3Fhl%3Den%26q%3DS%25C3%25A9rgio%2BRicardo%2BMessias%2BNeves%2BAl-Hilal%2BFC%26btnG%3DGoogle%2BSearch%26tbs%3D0%26safe%3Doff%26tbm%3D%26gws_rd%3Dcr%26dcr%3D0%26ei%3DqLoLWtzpMIX-0gS6lqC4CQ&hl=en&q=EhAkBPgBgFAAAgAAAAAAAAKoGKj1rtAFIhkA8aeDSyQW89cfMcgVV3-73bo54IkkQctGMgFy"
1510718182840	Marionette	DEBUG	Received DOM event "DOMContentLoaded" for "https://ipv6.google.com/sorry/index?continue=https://www.google.co.jp/search%3Fhl%3Den%26q%3DS%25C3%25A9rgio%2BRicardo%2BMessias%2BNeves%2BAl-Hilal%2BFC%26btnG%3DGoogle%2BSearch%26tbs%3D0%26safe%3Doff%26tbm%3D%26gws_rd%3Dcr%26dcr%3D0%26ei%3D5roLWpXACsns0gSfh4e4AQ&hl=en&q=EhAkBPgBgFAAAgAAAAAAAAKoGOb1rtAFIhkA8aeDS8WnKpyDoGjtgBL8YAi7SdYNmt_hMgFy"
1510718183184	Marionette	DEBUG	Received observer notification "outer-window-destroyed" for "6442451031"
1510718183185	Marionette	DEBUG	Received observer notification "outer-window-destroyed" for "6442451033"
1510718183249	Marionette	DEBUG	Received observer notification "outer-window-destroyed" for "6442451042"
1510718183444	Marionette	DEBUG	Received DOM event "pageshow" for "https://ipv6.google.com/sorry/index?continue=https://www.google.co.jp/search%3Fhl%3Den%26q%3DS%25C3%25A9rgio%2BRicardo%2BMessias%2BNeves%2BAl-Hilal%2BFC%26btnG%3DGoogle%2BSearch%26tbs%3D0%26safe%3Doff%26tbm%3D%26gws_rd%3Dcr%26dcr%3D0%26ei%3D5roLWpXACsns0gSfh4e4AQ&hl=en&q=EhAkBPgBgFAAAgAAAAAAAAKoGOb1rtAFIhkA8aeDS8WnKpyDoGjtgBL8YAi7SdYNmt_hMgFy"
1510718243465	Marionette	DEBUG	Received DOM event "beforeunload" for "https://ipv6.google.com/sorry/index?continue=https://www.google.co.jp/search%3Fhl%3Den%26q%3DS%25C3%25A9rgio%2BRicardo%2BMessias%2BNeves%2BAl-Hilal%2BFC%26btnG%3DGoogle%2BSearch%26tbs%3D0%26safe%3Doff%26tbm%3D%26gws_rd%3Dcr%26dcr%3D0%26ei%3D5roLWpXACsns0gSfh4e4AQ&hl=en&q=EhAkBPgBgFAAAgAAAAAAAAKoGOb1rtAFIhkA8aeDS8WnKpyDoGjtgBL8YAi7SdYNmt_hMgFy"
1510718244270	Marionette	DEBUG	Received DOM event "pagehide" for "https://ipv6.google.com/sorry/index?continue=https://www.google.co.jp/search%3Fhl%3Den%26q%3DS%25C3%25A9rgio%2BRicardo%2BMessias%2BNeves%2BAl-Hilal%2BFC%26btnG%3DGoogle%2BSearch%26tbs%3D0%26safe%3Doff%26tbm%3D%26gws_rd%3Dcr%26dcr%3D0%26ei%3D5roLWpXACsns0gSfh4e4AQ&hl=en&q=EhAkBPgBgFAAAgAAAAAAAAKoGOb1rtAFIhkA8aeDS8WnKpyDoGjtgBL8YAi7SdYNmt_hMgFy"
1510718244270	Marionette	DEBUG	Received DOM event "unload" for "https://ipv6.google.com/sorry/index?continue=https://www.google.co.jp/search%3Fhl%3Den%26q%3DS%25C3%25A9rgio%2BRicardo%2BMessias%2BNeves%2BAl-Hilal%2BFC%26btnG%3DGoogle%2BSearch%26tbs%3D0%26safe%3Doff%26tbm%3D%26gws_rd%3Dcr%26dcr%3D0%26ei%3D5roLWpXACsns0gSfh4e4AQ&hl=en&q=EhAkBPgBgFAAAgAAAAAAAAKoGOb1rtAFIhkA8aeDS8WnKpyDoGjtgBL8YAi7SdYNmt_hMgFy"
1510718244286	Marionette	DEBUG	Received DOM event "DOMContentLoaded" for "https://ipv6.google.com/sorry/index?continue=https://www.google.co.jp/search%3Fhl%3Den%26q%3DS%25C3%25A9rgio%2BRicardo%2BMessias%2BNeves%2BAl-Hilal%2BFC%26btnG%3DGoogle%2BSearch%26tbs%3D0%26safe%3Doff%26tbm%3D%26gws_rd%3Dcr%26dcr%3D0%26ei%3DI7sLWoPfIIfC0gSUirWYCA&hl=en&q=EhAkBPgBgFAAAgAAAAAAAAKoGKP2rtAFIhkA8aeDSyIEvmKxOmD1OYMMejSI5slyCJrjMgFy"
1510718244749	Marionette	DEBUG	Received observer notification "outer-window-destroyed" for "6442451039"
1510718244750	Marionette	DEBUG	Received observer notification "outer-window-destroyed" for "6442451041"
1510718244810	Marionette	DEBUG	Received observer notification "outer-window-destroyed" for "6442451050"
1510718245022	Marionette	DEBUG	Received DOM event "pageshow" for "https://ipv6.google.com/sorry/index?continue=https://www.google.co.jp/search%3Fhl%3Den%26q%3DS%25C3%25A9rgio%2BRicardo%2BMessias%2BNeves%2BAl-Hilal%2BFC%26btnG%3DGoogle%2BSearch%26tbs%3D0%26safe%3Doff%26tbm%3D%26gws_rd%3Dcr%26dcr%3D0%26ei%3DI7sLWoPfIIfC0gSUirWYCA&hl=en&q=EhAkBPgBgFAAAgAAAAAAAAKoGKP2rtAFIhkA8aeDSyIEvmKxOmD1OYMMejSI5slyCJrjMgFy"
1510718305066	Marionette	DEBUG	Received DOM event "beforeunload" for "https://ipv6.google.com/sorry/index?continue=https://www.google.co.jp/search%3Fhl%3Den%26q%3DS%25C3%25A9rgio%2BRicardo%2BMessias%2BNeves%2BAl-Hilal%2BFC%26btnG%3DGoogle%2BSearch%26tbs%3D0%26safe%3Doff%26tbm%3D%26gws_rd%3Dcr%26dcr%3D0%26ei%3DI7sLWoPfIIfC0gSUirWYCA&hl=en&q=EhAkBPgBgFAAAgAAAAAAAAKoGKP2rtAFIhkA8aeDSyIEvmKxOmD1OYMMejSI5slyCJrjMgFy"
1510718305665	Marionette	DEBUG	Received DOM event "pagehide" for "https://ipv6.google.com/sorry/index?continue=https://www.google.co.jp/search%3Fhl%3Den%26q%3DS%25C3%25A9rgio%2BRicardo%2BMessias%2BNeves%2BAl-Hilal%2BFC%26btnG%3DGoogle%2BSearch%26tbs%3D0%26safe%3Doff%26tbm%3D%26gws_rd%3Dcr%26dcr%3D0%26ei%3DI7sLWoPfIIfC0gSUirWYCA&hl=en&q=EhAkBPgBgFAAAgAAAAAAAAKoGKP2rtAFIhkA8aeDSyIEvmKxOmD1OYMMejSI5slyCJrjMgFy"
1510718305665	Marionette	DEBUG	Received DOM event "unload" for "https://ipv6.google.com/sorry/index?continue=https://www.google.co.jp/search%3Fhl%3Den%26q%3DS%25C3%25A9rgio%2BRicardo%2BMessias%2BNeves%2BAl-Hilal%2BFC%26btnG%3DGoogle%2BSearch%26tbs%3D0%26safe%3Doff%26tbm%3D%26gws_rd%3Dcr%26dcr%3D0%26ei%3DI7sLWoPfIIfC0gSUirWYCA&hl=en&q=EhAkBPgBgFAAAgAAAAAAAAKoGKP2rtAFIhkA8aeDSyIEvmKxOmD1OYMMejSI5slyCJrjMgFy"
1510718305678	Marionette	DEBUG	Received DOM event "DOMContentLoaded" for "https://ipv6.google.com/sorry/index?continue=https://www.google.co.jp/search%3Fhl%3Den%26q%3DS%25C3%25A9rgio%2BRicardo%2BMessias%2BNeves%2BAl-Hilal%2BFC%26btnG%3DGoogle%2BSearch%26tbs%3D0%26safe%3Doff%26tbm%3D%26gws_rd%3Dcr%26dcr%3D0%26ei%3DYbsLWsbYCMX00gT0vaHQAw&hl=en&q=EhAkBPgBgFAAAgAAAAAAAAKoGOH2rtAFIhkA8aeDSzxRoA-2ZYd5VGEHERb1xXCD61lyMgFy"
1510718306034	Marionette	DEBUG	Received observer notification "outer-window-destroyed" for "6442451047"
1510718306035	Marionette	DEBUG	Received observer notification "outer-window-destroyed" for "6442451049"
1510718306095	Marionette	DEBUG	Received observer notification "outer-window-destroyed" for "6442451058"
1510718306302	Marionette	DEBUG	Received DOM event "pageshow" for "https://ipv6.google.com/sorry/index?continue=https://www.google.co.jp/search%3Fhl%3Den%26q%3DS%25C3%25A9rgio%2BRicardo%2BMessias%2BNeves%2BAl-Hilal%2BFC%26btnG%3DGoogle%2BSearch%26tbs%3D0%26safe%3Doff%26tbm%3D%26gws_rd%3Dcr%26dcr%3D0%26ei%3DYbsLWsbYCMX00gT0vaHQAw&hl=en&q=EhAkBPgBgFAAAgAAAAAAAAKoGOH2rtAFIhkA8aeDSzxRoA-2ZYd5VGEHERb1xXCD61lyMgFy"
1510718366317	Marionette	DEBUG	Received DOM event "beforeunload" for "https://ipv6.google.com/sorry/index?continue=https://www.google.co.jp/search%3Fhl%3Den%26q%3DS%25C3%25A9rgio%2BRicardo%2BMessias%2BNeves%2BAl-Hilal%2BFC%26btnG%3DGoogle%2BSearch%26tbs%3D0%26safe%3Doff%26tbm%3D%26gws_rd%3Dcr%26dcr%3D0%26ei%3DYbsLWsbYCMX00gT0vaHQAw&hl=en&q=EhAkBPgBgFAAAgAAAAAAAAKoGOH2rtAFIhkA8aeDSzxRoA-2ZYd5VGEHERb1xXCD61lyMgFy"
1510718367126	Marionette	DEBUG	Received DOM event "pagehide" for "https://ipv6.google.com/sorry/index?continue=https://www.google.co.jp/search%3Fhl%3Den%26q%3DS%25C3%25A9rgio%2BRicardo%2BMessias%2BNeves%2BAl-Hilal%2BFC%26btnG%3DGoogle%2BSearch%26tbs%3D0%26safe%3Doff%26tbm%3D%26gws_rd%3Dcr%26dcr%3D0%26ei%3DYbsLWsbYCMX00gT0vaHQAw&hl=en&q=EhAkBPgBgFAAAgAAAAAAAAKoGOH2rtAFIhkA8aeDSzxRoA-2ZYd5VGEHERb1xXCD61lyMgFy"
1510718367127	Marionette	DEBUG	Received DOM event "unload" for "https://ipv6.google.com/sorry/index?continue=https://www.google.co.jp/search%3Fhl%3Den%26q%3DS%25C3%25A9rgio%2BRicardo%2BMessias%2BNeves%2BAl-Hilal%2BFC%26btnG%3DGoogle%2BSearch%26tbs%3D0%26safe%3Doff%26tbm%3D%26gws_rd%3Dcr%26dcr%3D0%26ei%3DYbsLWsbYCMX00gT0vaHQAw&hl=en&q=EhAkBPgBgFAAAgAAAAAAAAKoGOH2rtAFIhkA8aeDSzxRoA-2ZYd5VGEHERb1xXCD61lyMgFy"
1510718367139	Marionette	DEBUG	Received DOM event "DOMContentLoaded" for "https://ipv6.google.com/sorry/index?continue=https://www.google.co.jp/search%3Fhl%3Den%26q%3DS%25C3%25A9rgio%2BRicardo%2BMessias%2BNeves%2BAl-Hilal%2BFC%26btnG%3DGoogle%2BSearch%26tbs%3D0%26safe%3Doff%26tbm%3D%26gws_rd%3Dcr%26dcr%3D0%26ei%3DnrsLWtOkGMSk0ASCmpmABg&hl=en&q=EhAkBPgBgFAAAgAAAAAAAAKoGJ73rtAFIhkA8aeDS1-JmA0ODkX8RSoZvY952SnrPZVMMgFy"
1510718367471	Marionette	DEBUG	Received observer notification "outer-window-destroyed" for "6442451055"
1510718367472	Marionette	DEBUG	Received observer notification "outer-window-destroyed" for "6442451057"
1510718367534	Marionette	DEBUG	Received observer notification "outer-window-destroyed" for "6442451066"
1510718367738	Marionette	DEBUG	Received DOM event "pageshow" for "https://ipv6.google.com/sorry/index?continue=https://www.google.co.jp/search%3Fhl%3Den%26q%3DS%25C3%25A9rgio%2BRicardo%2BMessias%2BNeves%2BAl-Hilal%2BFC%26btnG%3DGoogle%2BSearch%26tbs%3D0%26safe%3Doff%26tbm%3D%26gws_rd%3Dcr%26dcr%3D0%26ei%3DnrsLWtOkGMSk0ASCmpmABg&hl=en&q=EhAkBPgBgFAAAgAAAAAAAAKoGJ73rtAFIhkA8aeDS1-JmA0ODkX8RSoZvY952SnrPZVMMgFy"
1510718427773	Marionette	DEBUG	Received DOM event "beforeunload" for "https://ipv6.google.com/sorry/index?continue=https://www.google.co.jp/search%3Fhl%3Den%26q%3DS%25C3%25A9rgio%2BRicardo%2BMessias%2BNeves%2BAl-Hilal%2BFC%26btnG%3DGoogle%2BSearch%26tbs%3D0%26safe%3Doff%26tbm%3D%26gws_rd%3Dcr%26dcr%3D0%26ei%3DnrsLWtOkGMSk0ASCmpmABg&hl=en&q=EhAkBPgBgFAAAgAAAAAAAAKoGJ73rtAFIhkA8aeDS1-JmA0ODkX8RSoZvY952SnrPZVMMgFy"
1510718428618	Marionette	DEBUG	Received DOM event "pagehide" for "https://ipv6.google.com/sorry/index?continue=https://www.google.co.jp/search%3Fhl%3Den%26q%3DS%25C3%25A9rgio%2BRicardo%2BMessias%2BNeves%2BAl-Hilal%2BFC%26btnG%3DGoogle%2BSearch%26tbs%3D0%26safe%3Doff%26tbm%3D%26gws_rd%3Dcr%26dcr%3D0%26ei%3DnrsLWtOkGMSk0ASCmpmABg&hl=en&q=EhAkBPgBgFAAAgAAAAAAAAKoGJ73rtAFIhkA8aeDS1-JmA0ODkX8RSoZvY952SnrPZVMMgFy"
1510718428618	Marionette	DEBUG	Received DOM event "unload" for "https://ipv6.google.com/sorry/index?continue=https://www.google.co.jp/search%3Fhl%3Den%26q%3DS%25C3%25A9rgio%2BRicardo%2BMessias%2BNeves%2BAl-Hilal%2BFC%26btnG%3DGoogle%2BSearch%26tbs%3D0%26safe%3Doff%26tbm%3D%26gws_rd%3Dcr%26dcr%3D0%26ei%3DnrsLWtOkGMSk0ASCmpmABg&hl=en&q=EhAkBPgBgFAAAgAAAAAAAAKoGJ73rtAFIhkA8aeDS1-JmA0ODkX8RSoZvY952SnrPZVMMgFy"
1510718428696	Marionette	DEBUG	Received DOM event "DOMContentLoaded" for "https://ipv6.google.com/sorry/index?continue=https://www.google.co.jp/search%3Fhl%3Den%26q%3DS%25C3%25A9rgio%2BRicardo%2BMessias%2BNeves%2BAl-Hilal%2BFC%26btnG%3DGoogle%2BSearch%26tbs%3D0%26safe%3Doff%26tbm%3D%26gws_rd%3Dcr%26dcr%3D0%26ei%3D27sLWtTIM8bl0gS2z6XACQ&hl=en&q=EhAkBPgBgFAAAgAAAAAAAAKoGNv3rtAFIhkA8aeDSz8oJPhsB-iYrx6PthsADLYNDoBzMgFy"
1510718428983	Marionette	DEBUG	Received observer notification "outer-window-destroyed" for "6442451063"
1510718428984	Marionette	DEBUG	Received observer notification "outer-window-destroyed" for "6442451065"
1510718429055	Marionette	DEBUG	Received observer notification "outer-window-destroyed" for "6442451074"
1510718429305	Marionette	DEBUG	Received DOM event "pageshow" for "https://ipv6.google.com/sorry/index?continue=https://www.google.co.jp/search%3Fhl%3Den%26q%3DS%25C3%25A9rgio%2BRicardo%2BMessias%2BNeves%2BAl-Hilal%2BFC%26btnG%3DGoogle%2BSearch%26tbs%3D0%26safe%3Doff%26tbm%3D%26gws_rd%3Dcr%26dcr%3D0%26ei%3D27sLWtTIM8bl0gS2z6XACQ&hl=en&q=EhAkBPgBgFAAAgAAAAAAAAKoGNv3rtAFIhkA8aeDSz8oJPhsB-iYrx6PthsADLYNDoBzMgFy"
1510718489342	Marionette	DEBUG	Received DOM event "beforeunload" for "https://ipv6.google.com/sorry/index?continue=https://www.google.co.jp/search%3Fhl%3Den%26q%3DS%25C3%25A9rgio%2BRicardo%2BMessias%2BNeves%2BAl-Hilal%2BFC%26btnG%3DGoogle%2BSearch%26tbs%3D0%26safe%3Doff%26tbm%3D%26gws_rd%3Dcr%26dcr%3D0%26ei%3D27sLWtTIM8bl0gS2z6XACQ&hl=en&q=EhAkBPgBgFAAAgAAAAAAAAKoGNv3rtAFIhkA8aeDSz8oJPhsB-iYrx6PthsADLYNDoBzMgFy"
1510718490185	Marionette	DEBUG	Received DOM event "pagehide" for "https://ipv6.google.com/sorry/index?continue=https://www.google.co.jp/search%3Fhl%3Den%26q%3DS%25C3%25A9rgio%2BRicardo%2BMessias%2BNeves%2BAl-Hilal%2BFC%26btnG%3DGoogle%2BSearch%26tbs%3D0%26safe%3Doff%26tbm%3D%26gws_rd%3Dcr%26dcr%3D0%26ei%3D27sLWtTIM8bl0gS2z6XACQ&hl=en&q=EhAkBPgBgFAAAgAAAAAAAAKoGNv3rtAFIhkA8aeDSz8oJPhsB-iYrx6PthsADLYNDoBzMgFy"
1510718490186	Marionette	DEBUG	Received DOM event "unload" for "https://ipv6.google.com/sorry/index?continue=https://www.google.co.jp/search%3Fhl%3Den%26q%3DS%25C3%25A9rgio%2BRicardo%2BMessias%2BNeves%2BAl-Hilal%2BFC%26btnG%3DGoogle%2BSearch%26tbs%3D0%26safe%3Doff%26tbm%3D%26gws_rd%3Dcr%26dcr%3D0%26ei%3D27sLWtTIM8bl0gS2z6XACQ&hl=en&q=EhAkBPgBgFAAAgAAAAAAAAKoGNv3rtAFIhkA8aeDSz8oJPhsB-iYrx6PthsADLYNDoBzMgFy"
1510718490200	Marionette	DEBUG	Received DOM event "DOMContentLoaded" for "https://ipv6.google.com/sorry/index?continue=https://www.google.co.jp/search%3Fhl%3Den%26q%3DS%25C3%25A9rgio%2BRicardo%2BMessias%2BNeves%2BAl-Hilal%2BFC%26btnG%3DGoogle%2BSearch%26tbs%3D0%26safe%3Doff%26tbm%3D%26gws_rd%3Dcr%26dcr%3D0%26ei%3DGbwLWoLIGce-0QTVp7DYCA&hl=en&q=EhAkBPgBgFAAAgAAAAAAAAKoGJn4rtAFIhkA8aeDS9Y7QGdvZPceSgHfXEeUmazz1fgfMgFy"
1510718490557	Marionette	DEBUG	Received observer notification "outer-window-destroyed" for "6442451071"
1510718490557	Marionette	DEBUG	Received observer notification "outer-window-destroyed" for "6442451073"
1510718490618	Marionette	DEBUG	Received observer notification "outer-window-destroyed" for "6442451082"
1510718490803	Marionette	DEBUG	Received DOM event "pageshow" for "https://ipv6.google.com/sorry/index?continue=https://www.google.co.jp/search%3Fhl%3Den%26q%3DS%25C3%25A9rgio%2BRicardo%2BMessias%2BNeves%2BAl-Hilal%2BFC%26btnG%3DGoogle%2BSearch%26tbs%3D0%26safe%3Doff%26tbm%3D%26gws_rd%3Dcr%26dcr%3D0%26ei%3DGbwLWoLIGce-0QTVp7DYCA&hl=en&q=EhAkBPgBgFAAAgAAAAAAAAKoGJn4rtAFIhkA8aeDS9Y7QGdvZPceSgHfXEeUmazz1fgfMgFy"
1510718550872	Marionette	DEBUG	Received DOM event "beforeunload" for "https://ipv6.google.com/sorry/index?continue=https://www.google.co.jp/search%3Fhl%3Den%26q%3DS%25C3%25A9rgio%2BRicardo%2BMessias%2BNeves%2BAl-Hilal%2BFC%26btnG%3DGoogle%2BSearch%26tbs%3D0%26safe%3Doff%26tbm%3D%26gws_rd%3Dcr%26dcr%3D0%26ei%3DGbwLWoLIGce-0QTVp7DYCA&hl=en&q=EhAkBPgBgFAAAgAAAAAAAAKoGJn4rtAFIhkA8aeDS9Y7QGdvZPceSgHfXEeUmazz1fgfMgFy"
1510718551577	Marionette	DEBUG	Received DOM event "pagehide" for "https://ipv6.google.com/sorry/index?continue=https://www.google.co.jp/search%3Fhl%3Den%26q%3DS%25C3%25A9rgio%2BRicardo%2BMessias%2BNeves%2BAl-Hilal%2BFC%26btnG%3DGoogle%2BSearch%26tbs%3D0%26safe%3Doff%26tbm%3D%26gws_rd%3Dcr%26dcr%3D0%26ei%3DGbwLWoLIGce-0QTVp7DYCA&hl=en&q=EhAkBPgBgFAAAgAAAAAAAAKoGJn4rtAFIhkA8aeDS9Y7QGdvZPceSgHfXEeUmazz1fgfMgFy"
1510718551577	Marionette	DEBUG	Received DOM event "unload" for "https://ipv6.google.com/sorry/index?continue=https://www.google.co.jp/search%3Fhl%3Den%26q%3DS%25C3%25A9rgio%2BRicardo%2BMessias%2BNeves%2BAl-Hilal%2BFC%26btnG%3DGoogle%2BSearch%26tbs%3D0%26safe%3Doff%26tbm%3D%26gws_rd%3Dcr%26dcr%3D0%26ei%3DGbwLWoLIGce-0QTVp7DYCA&hl=en&q=EhAkBPgBgFAAAgAAAAAAAAKoGJn4rtAFIhkA8aeDS9Y7QGdvZPceSgHfXEeUmazz1fgfMgFy"
1510718551642	Marionette	DEBUG	Received DOM event "DOMContentLoaded" for "https://ipv6.google.com/sorry/index?continue=https://www.google.co.jp/search%3Fhl%3Den%26q%3DS%25C3%25A9rgio%2BRicardo%2BMessias%2BNeves%2BAl-Hilal%2BFC%26btnG%3DGoogle%2BSearch%26tbs%3D0%26safe%3Doff%26tbm%3D%26gws_rd%3Dcr%26dcr%3D0%26ei%3DVrwLWoeoOcvA0gSV15qwBA&hl=en&q=EhAkBPgBgFAAAgAAAAAAAAKoGNf4rtAFIhkA8aeDSyE7apCch4gFlk8mk193XFhkR55fMgFy"
1510718552078	Marionette	DEBUG	Received observer notification "outer-window-destroyed" for "6442451079"
1510718552078	Marionette	DEBUG	Received observer notification "outer-window-destroyed" for "6442451081"
1510718552143	Marionette	DEBUG	Received observer notification "outer-window-destroyed" for "6442451090"
1510718552423	Marionette	DEBUG	Received DOM event "pageshow" for "https://ipv6.google.com/sorry/index?continue=https://www.google.co.jp/search%3Fhl%3Den%26q%3DS%25C3%25A9rgio%2BRicardo%2BMessias%2BNeves%2BAl-Hilal%2BFC%26btnG%3DGoogle%2BSearch%26tbs%3D0%26safe%3Doff%26tbm%3D%26gws_rd%3Dcr%26dcr%3D0%26ei%3DVrwLWoeoOcvA0gSV15qwBA&hl=en&q=EhAkBPgBgFAAAgAAAAAAAAKoGNf4rtAFIhkA8aeDSyE7apCch4gFlk8mk193XFhkR55fMgFy"
1510718612436	Marionette	DEBUG	Received DOM event "beforeunload" for "https://ipv6.google.com/sorry/index?continue=https://www.google.co.jp/search%3Fhl%3Den%26q%3DS%25C3%25A9rgio%2BRicardo%2BMessias%2BNeves%2BAl-Hilal%2BFC%26btnG%3DGoogle%2BSearch%26tbs%3D0%26safe%3Doff%26tbm%3D%26gws_rd%3Dcr%26dcr%3D0%26ei%3DVrwLWoeoOcvA0gSV15qwBA&hl=en&q=EhAkBPgBgFAAAgAAAAAAAAKoGNf4rtAFIhkA8aeDSyE7apCch4gFlk8mk193XFhkR55fMgFy"
1510718613042	Marionette	DEBUG	Received DOM event "pagehide" for "https://ipv6.google.com/sorry/index?continue=https://www.google.co.jp/search%3Fhl%3Den%26q%3DS%25C3%25A9rgio%2BRicardo%2BMessias%2BNeves%2BAl-Hilal%2BFC%26btnG%3DGoogle%2BSearch%26tbs%3D0%26safe%3Doff%26tbm%3D%26gws_rd%3Dcr%26dcr%3D0%26ei%3DVrwLWoeoOcvA0gSV15qwBA&hl=en&q=EhAkBPgBgFAAAgAAAAAAAAKoGNf4rtAFIhkA8aeDSyE7apCch4gFlk8mk193XFhkR55fMgFy"
1510718613042	Marionette	DEBUG	Received DOM event "unload" for "https://ipv6.google.com/sorry/index?continue=https://www.google.co.jp/search%3Fhl%3Den%26q%3DS%25C3%25A9rgio%2BRicardo%2BMessias%2BNeves%2BAl-Hilal%2BFC%26btnG%3DGoogle%2BSearch%26tbs%3D0%26safe%3Doff%26tbm%3D%26gws_rd%3Dcr%26dcr%3D0%26ei%3DVrwLWoeoOcvA0gSV15qwBA&hl=en&q=EhAkBPgBgFAAAgAAAAAAAAKoGNf4rtAFIhkA8aeDSyE7apCch4gFlk8mk193XFhkR55fMgFy"
1510718613111	Marionette	DEBUG	Received DOM event "DOMContentLoaded" for "https://ipv6.google.com/sorry/index?continue=https://www.google.co.jp/search%3Fhl%3Den%26q%3DS%25C3%25A9rgio%2BRicardo%2BMessias%2BNeves%2BAl-Hilal%2BFC%26btnG%3DGoogle%2BSearch%26tbs%3D0%26safe%3Doff%26tbm%3D%26gws_rd%3Dcr%26dcr%3D0%26ei%3DlLwLWp3eHou10gSMjaKYCQ&hl=en&q=EhAkBPgBgFAAAgAAAAAAAAKoGJT5rtAFIhkA8aeDS7J4HAi-jDdIj7OM5ZHmsD1BDM_HMgFy"
1510718613677	Marionette	DEBUG	Received observer notification "outer-window-destroyed" for "6442451087"
1510718613677	Marionette	DEBUG	Received observer notification "outer-window-destroyed" for "6442451089"
1510718613748	Marionette	DEBUG	Received observer notification "outer-window-destroyed" for "6442451097"
1510718613907	Marionette	DEBUG	Received DOM event "pageshow" for "https://ipv6.google.com/sorry/index?continue=https://www.google.co.jp/search%3Fhl%3Den%26q%3DS%25C3%25A9rgio%2BRicardo%2BMessias%2BNeves%2BAl-Hilal%2BFC%26btnG%3DGoogle%2BSearch%26tbs%3D0%26safe%3Doff%26tbm%3D%26gws_rd%3Dcr%26dcr%3D0%26ei%3DlLwLWp3eHou10gSMjaKYCQ&hl=en&q=EhAkBPgBgFAAAgAAAAAAAAKoGJT5rtAFIhkA8aeDS7J4HAi-jDdIj7OM5ZHmsD1BDM_HMgFy"
1510718673921	Marionette	DEBUG	Received DOM event "beforeunload" for "https://ipv6.google.com/sorry/index?continue=https://www.google.co.jp/search%3Fhl%3Den%26q%3DS%25C3%25A9rgio%2BRicardo%2BMessias%2BNeves%2BAl-Hilal%2BFC%26btnG%3DGoogle%2BSearch%26tbs%3D0%26safe%3Doff%26tbm%3D%26gws_rd%3Dcr%26dcr%3D0%26ei%3DlLwLWp3eHou10gSMjaKYCQ&hl=en&q=EhAkBPgBgFAAAgAAAAAAAAKoGJT5rtAFIhkA8aeDS7J4HAi-jDdIj7OM5ZHmsD1BDM_HMgFy"
1510718674524	Marionette	DEBUG	Received DOM event "pagehide" for "https://ipv6.google.com/sorry/index?continue=https://www.google.co.jp/search%3Fhl%3Den%26q%3DS%25C3%25A9rgio%2BRicardo%2BMessias%2BNeves%2BAl-Hilal%2BFC%26btnG%3DGoogle%2BSearch%26tbs%3D0%26safe%3Doff%26tbm%3D%26gws_rd%3Dcr%26dcr%3D0%26ei%3DlLwLWp3eHou10gSMjaKYCQ&hl=en&q=EhAkBPgBgFAAAgAAAAAAAAKoGJT5rtAFIhkA8aeDS7J4HAi-jDdIj7OM5ZHmsD1BDM_HMgFy"
1510718674524	Marionette	DEBUG	Received DOM event "unload" for "https://ipv6.google.com/sorry/index?continue=https://www.google.co.jp/search%3Fhl%3Den%26q%3DS%25C3%25A9rgio%2BRicardo%2BMessias%2BNeves%2BAl-Hilal%2BFC%26btnG%3DGoogle%2BSearch%26tbs%3D0%26safe%3Doff%26tbm%3D%26gws_rd%3Dcr%26dcr%3D0%26ei%3DlLwLWp3eHou10gSMjaKYCQ&hl=en&q=EhAkBPgBgFAAAgAAAAAAAAKoGJT5rtAFIhkA8aeDS7J4HAi-jDdIj7OM5ZHmsD1BDM_HMgFy"
1510718674537	Marionette	DEBUG	Received DOM event "DOMContentLoaded" for "https://ipv6.google.com/sorry/index?continue=https://www.google.co.jp/search%3Fhl%3Den%26q%3DS%25C3%25A9rgio%2BRicardo%2BMessias%2BNeves%2BAl-Hilal%2BFC%26btnG%3DGoogle%2BSearch%26tbs%3D0%26safe%3Doff%26tbm%3D%26gws_rd%3Dcr%26dcr%3D0%26ei%3D0bwLWqexPMa70gSczIvoBQ&hl=en&q=EhAkBPgBgFAAAgAAAAAAAAKoGNL5rtAFIhkA8aeDSwwaIpTCPw484pd1M7yjG9vlAQgGMgFy"
1510718674829	Marionette	DEBUG	Received observer notification "outer-window-destroyed" for "6442451094"
1510718674830	Marionette	DEBUG	Received observer notification "outer-window-destroyed" for "6442451096"
1510718674895	Marionette	DEBUG	Received observer notification "outer-window-destroyed" for "6442451105"
1510718675096	Marionette	DEBUG	Received DOM event "pageshow" for "https://ipv6.google.com/sorry/index?continue=https://www.google.co.jp/search%3Fhl%3Den%26q%3DS%25C3%25A9rgio%2BRicardo%2BMessias%2BNeves%2BAl-Hilal%2BFC%26btnG%3DGoogle%2BSearch%26tbs%3D0%26safe%3Doff%26tbm%3D%26gws_rd%3Dcr%26dcr%3D0%26ei%3D0bwLWqexPMa70gSczIvoBQ&hl=en&q=EhAkBPgBgFAAAgAAAAAAAAKoGNL5rtAFIhkA8aeDSwwaIpTCPw484pd1M7yjG9vlAQgGMgFy"
1510718735170	Marionette	DEBUG	Received DOM event "beforeunload" for "https://ipv6.google.com/sorry/index?continue=https://www.google.co.jp/search%3Fhl%3Den%26q%3DS%25C3%25A9rgio%2BRicardo%2BMessias%2BNeves%2BAl-Hilal%2BFC%26btnG%3DGoogle%2BSearch%26tbs%3D0%26safe%3Doff%26tbm%3D%26gws_rd%3Dcr%26dcr%3D0%26ei%3D0bwLWqexPMa70gSczIvoBQ&hl=en&q=EhAkBPgBgFAAAgAAAAAAAAKoGNL5rtAFIhkA8aeDSwwaIpTCPw484pd1M7yjG9vlAQgGMgFy"
1510718735793	Marionette	DEBUG	Received DOM event "pagehide" for "https://ipv6.google.com/sorry/index?continue=https://www.google.co.jp/search%3Fhl%3Den%26q%3DS%25C3%25A9rgio%2BRicardo%2BMessias%2BNeves%2BAl-Hilal%2BFC%26btnG%3DGoogle%2BSearch%26tbs%3D0%26safe%3Doff%26tbm%3D%26gws_rd%3Dcr%26dcr%3D0%26ei%3D0bwLWqexPMa70gSczIvoBQ&hl=en&q=EhAkBPgBgFAAAgAAAAAAAAKoGNL5rtAFIhkA8aeDSwwaIpTCPw484pd1M7yjG9vlAQgGMgFy"
1510718735793	Marionette	DEBUG	Received DOM event "unload" for "https://ipv6.google.com/sorry/index?continue=https://www.google.co.jp/search%3Fhl%3Den%26q%3DS%25C3%25A9rgio%2BRicardo%2BMessias%2BNeves%2BAl-Hilal%2BFC%26btnG%3DGoogle%2BSearch%26tbs%3D0%26safe%3Doff%26tbm%3D%26gws_rd%3Dcr%26dcr%3D0%26ei%3D0bwLWqexPMa70gSczIvoBQ&hl=en&q=EhAkBPgBgFAAAgAAAAAAAAKoGNL5rtAFIhkA8aeDSwwaIpTCPw484pd1M7yjG9vlAQgGMgFy"
1510718735800	Marionette	DEBUG	Received DOM event "DOMContentLoaded" for "https://ipv6.google.com/sorry/index?continue=https://www.google.co.jp/search%3Fhl%3Den%26q%3DS%25C3%25A9rgio%2BRicardo%2BMessias%2BNeves%2BAl-Hilal%2BFC%26btnG%3DGoogle%2BSearch%26tbs%3D0%26safe%3Doff%26tbm%3D%26gws_rd%3Dcr%26dcr%3D0%26ei%3DD70LWqfgDoyq0gSy74KwCg&hl=en&q=EhAkBPgBgFAAAgAAAAAAAAKoGI_6rtAFIhkA8aeDS-bTEd5Gcl9dmRJXpsXGRHSE68tvMgFy"
1510718736124	Marionette	DEBUG	Received observer notification "outer-window-destroyed" for "6442451102"
1510718736124	Marionette	DEBUG	Received observer notification "outer-window-destroyed" for "6442451104"
1510718736196	Marionette	DEBUG	Received observer notification "outer-window-destroyed" for "6442451113"
1510718736348	Marionette	DEBUG	Received DOM event "pageshow" for "https://ipv6.google.com/sorry/index?continue=https://www.google.co.jp/search%3Fhl%3Den%26q%3DS%25C3%25A9rgio%2BRicardo%2BMessias%2BNeves%2BAl-Hilal%2BFC%26btnG%3DGoogle%2BSearch%26tbs%3D0%26safe%3Doff%26tbm%3D%26gws_rd%3Dcr%26dcr%3D0%26ei%3DD70LWqfgDoyq0gSy74KwCg&hl=en&q=EhAkBPgBgFAAAgAAAAAAAAKoGI_6rtAFIhkA8aeDS-bTEd5Gcl9dmRJXpsXGRHSE68tvMgFy"
1510718796374	Marionette	DEBUG	Received DOM event "beforeunload" for "https://ipv6.google.com/sorry/index?continue=https://www.google.co.jp/search%3Fhl%3Den%26q%3DS%25C3%25A9rgio%2BRicardo%2BMessias%2BNeves%2BAl-Hilal%2BFC%26btnG%3DGoogle%2BSearch%26tbs%3D0%26safe%3Doff%26tbm%3D%26gws_rd%3Dcr%26dcr%3D0%26ei%3DD70LWqfgDoyq0gSy74KwCg&hl=en&q=EhAkBPgBgFAAAgAAAAAAAAKoGI_6rtAFIhkA8aeDS-bTEd5Gcl9dmRJXpsXGRHSE68tvMgFy"
1510718797259	Marionette	DEBUG	Received DOM event "pagehide" for "https://ipv6.google.com/sorry/index?continue=https://www.google.co.jp/search%3Fhl%3Den%26q%3DS%25C3%25A9rgio%2BRicardo%2BMessias%2BNeves%2BAl-Hilal%2BFC%26btnG%3DGoogle%2BSearch%26tbs%3D0%26safe%3Doff%26tbm%3D%26gws_rd%3Dcr%26dcr%3D0%26ei%3DD70LWqfgDoyq0gSy74KwCg&hl=en&q=EhAkBPgBgFAAAgAAAAAAAAKoGI_6rtAFIhkA8aeDS-bTEd5Gcl9dmRJXpsXGRHSE68tvMgFy"
1510718797260	Marionette	DEBUG	Received DOM event "unload" for "https://ipv6.google.com/sorry/index?continue=https://www.google.co.jp/search%3Fhl%3Den%26q%3DS%25C3%25A9rgio%2BRicardo%2BMessias%2BNeves%2BAl-Hilal%2BFC%26btnG%3DGoogle%2BSearch%26tbs%3D0%26safe%3Doff%26tbm%3D%26gws_rd%3Dcr%26dcr%3D0%26ei%3DD70LWqfgDoyq0gSy74KwCg&hl=en&q=EhAkBPgBgFAAAgAAAAAAAAKoGI_6rtAFIhkA8aeDS-bTEd5Gcl9dmRJXpsXGRHSE68tvMgFy"
1510718797266	Marionette	DEBUG	Received DOM event "DOMContentLoaded" for "https://ipv6.google.com/sorry/index?continue=https://www.google.co.jp/search%3Fhl%3Den%26q%3DS%25C3%25A9rgio%2BRicardo%2BMessias%2BNeves%2BAl-Hilal%2BFC%26btnG%3DGoogle%2BSearch%26tbs%3D0%26safe%3Doff%26tbm%3D%26gws_rd%3Dcr%26dcr%3D0%26ei%3DTL0LWpbGG8am0gTXrZOQDA&hl=en&q=EhAkBPgBgFAAAgAAAAAAAAKoGMz6rtAFIhkA8aeDSwF5-55v-WXVKLRkoF5g7yIYjSW9MgFy"
1510718797541	Marionette	DEBUG	Received observer notification "outer-window-destroyed" for "6442451110"
1510718797542	Marionette	DEBUG	Received observer notification "outer-window-destroyed" for "6442451112"
1510718797603	Marionette	DEBUG	Received observer notification "outer-window-destroyed" for "6442451121"
1510718798464	Marionette	DEBUG	Received DOM event "pageshow" for "https://ipv6.google.com/sorry/index?continue=https://www.google.co.jp/search%3Fhl%3Den%26q%3DS%25C3%25A9rgio%2BRicardo%2BMessias%2BNeves%2BAl-Hilal%2BFC%26btnG%3DGoogle%2BSearch%26tbs%3D0%26safe%3Doff%26tbm%3D%26gws_rd%3Dcr%26dcr%3D0%26ei%3DTL0LWpbGG8am0gTXrZOQDA&hl=en&q=EhAkBPgBgFAAAgAAAAAAAAKoGMz6rtAFIhkA8aeDSwF5-55v-WXVKLRkoF5g7yIYjSW9MgFy"
1510718858483	Marionette	DEBUG	Received DOM event "beforeunload" for "https://ipv6.google.com/sorry/index?continue=https://www.google.co.jp/search%3Fhl%3Den%26q%3DS%25C3%25A9rgio%2BRicardo%2BMessias%2BNeves%2BAl-Hilal%2BFC%26btnG%3DGoogle%2BSearch%26tbs%3D0%26safe%3Doff%26tbm%3D%26gws_rd%3Dcr%26dcr%3D0%26ei%3DTL0LWpbGG8am0gTXrZOQDA&hl=en&q=EhAkBPgBgFAAAgAAAAAAAAKoGMz6rtAFIhkA8aeDSwF5-55v-WXVKLRkoF5g7yIYjSW9MgFy"
1510718859093	Marionette	DEBUG	Received DOM event "pagehide" for "https://ipv6.google.com/sorry/index?continue=https://www.google.co.jp/search%3Fhl%3Den%26q%3DS%25C3%25A9rgio%2BRicardo%2BMessias%2BNeves%2BAl-Hilal%2BFC%26btnG%3DGoogle%2BSearch%26tbs%3D0%26safe%3Doff%26tbm%3D%26gws_rd%3Dcr%26dcr%3D0%26ei%3DTL0LWpbGG8am0gTXrZOQDA&hl=en&q=EhAkBPgBgFAAAgAAAAAAAAKoGMz6rtAFIhkA8aeDSwF5-55v-WXVKLRkoF5g7yIYjSW9MgFy"
1510718859093	Marionette	DEBUG	Received DOM event "unload" for "https://ipv6.google.com/sorry/index?continue=https://www.google.co.jp/search%3Fhl%3Den%26q%3DS%25C3%25A9rgio%2BRicardo%2BMessias%2BNeves%2BAl-Hilal%2BFC%26btnG%3DGoogle%2BSearch%26tbs%3D0%26safe%3Doff%26tbm%3D%26gws_rd%3Dcr%26dcr%3D0%26ei%3DTL0LWpbGG8am0gTXrZOQDA&hl=en&q=EhAkBPgBgFAAAgAAAAAAAAKoGMz6rtAFIhkA8aeDSwF5-55v-WXVKLRkoF5g7yIYjSW9MgFy"
1510718859101	Marionette	DEBUG	Received DOM event "DOMContentLoaded" for "https://ipv6.google.com/sorry/index?continue=https://www.google.co.jp/search%3Fhl%3Den%26q%3DS%25C3%25A9rgio%2BRicardo%2BMessias%2BNeves%2BAl-Hilal%2BFC%26btnG%3DGoogle%2BSearch%26tbs%3D0%26safe%3Doff%26tbm%3D%26gws_rd%3Dcr%26dcr%3D0%26ei%3Dir0LWoPIIcG20ASN44XYDA&hl=en&q=EhAkBPgBgFAAAgAAAAAAAAKoGIr7rtAFIhkA8aeDS0orX0iR_0S1CDV-cQX1N6c3XW9gMgFy"
1510718859523	Marionette	DEBUG	Received observer notification "outer-window-destroyed" for "6442451118"
1510718859523	Marionette	DEBUG	Received observer notification "outer-window-destroyed" for "6442451120"
1510718859592	Marionette	DEBUG	Received observer notification "outer-window-destroyed" for "6442451129"
1510718859797	Marionette	DEBUG	Received DOM event "pageshow" for "https://ipv6.google.com/sorry/index?continue=https://www.google.co.jp/search%3Fhl%3Den%26q%3DS%25C3%25A9rgio%2BRicardo%2BMessias%2BNeves%2BAl-Hilal%2BFC%26btnG%3DGoogle%2BSearch%26tbs%3D0%26safe%3Doff%26tbm%3D%26gws_rd%3Dcr%26dcr%3D0%26ei%3Dir0LWoPIIcG20ASN44XYDA&hl=en&q=EhAkBPgBgFAAAgAAAAAAAAKoGIr7rtAFIhkA8aeDS0orX0iR_0S1CDV-cQX1N6c3XW9gMgFy"
1510718919838	Marionette	DEBUG	Received DOM event "beforeunload" for "https://ipv6.google.com/sorry/index?continue=https://www.google.co.jp/search%3Fhl%3Den%26q%3DS%25C3%25A9rgio%2BRicardo%2BMessias%2BNeves%2BAl-Hilal%2BFC%26btnG%3DGoogle%2BSearch%26tbs%3D0%26safe%3Doff%26tbm%3D%26gws_rd%3Dcr%26dcr%3D0%26ei%3Dir0LWoPIIcG20ASN44XYDA&hl=en&q=EhAkBPgBgFAAAgAAAAAAAAKoGIr7rtAFIhkA8aeDS0orX0iR_0S1CDV-cQX1N6c3XW9gMgFy"
1510718920645	Marionette	DEBUG	Received DOM event "pagehide" for "https://ipv6.google.com/sorry/index?continue=https://www.google.co.jp/search%3Fhl%3Den%26q%3DS%25C3%25A9rgio%2BRicardo%2BMessias%2BNeves%2BAl-Hilal%2BFC%26btnG%3DGoogle%2BSearch%26tbs%3D0%26safe%3Doff%26tbm%3D%26gws_rd%3Dcr%26dcr%3D0%26ei%3Dir0LWoPIIcG20ASN44XYDA&hl=en&q=EhAkBPgBgFAAAgAAAAAAAAKoGIr7rtAFIhkA8aeDS0orX0iR_0S1CDV-cQX1N6c3XW9gMgFy"
1510718920645	Marionette	DEBUG	Received DOM event "unload" for "https://ipv6.google.com/sorry/index?continue=https://www.google.co.jp/search%3Fhl%3Den%26q%3DS%25C3%25A9rgio%2BRicardo%2BMessias%2BNeves%2BAl-Hilal%2BFC%26btnG%3DGoogle%2BSearch%26tbs%3D0%26safe%3Doff%26tbm%3D%26gws_rd%3Dcr%26dcr%3D0%26ei%3Dir0LWoPIIcG20ASN44XYDA&hl=en&q=EhAkBPgBgFAAAgAAAAAAAAKoGIr7rtAFIhkA8aeDS0orX0iR_0S1CDV-cQX1N6c3XW9gMgFy"
1510718920652	Marionette	DEBUG	Received DOM event "DOMContentLoaded" for "https://ipv6.google.com/sorry/index?continue=https://www.google.co.jp/search%3Fhl%3Den%26q%3DS%25C3%25A9rgio%2BRicardo%2BMessias%2BNeves%2BAl-Hilal%2BFC%26btnG%3DGoogle%2BSearch%26tbs%3D0%26safe%3Doff%26tbm%3D%26gws_rd%3Dcr%26dcr%3D0%26ei%3Dx70LWriwN8HD0gSw7Im4Aw&hl=en&q=EhAkBPgBgFAAAgAAAAAAAAKoGMj7rtAFIhkA8aeDSyYC9nbUaNkxodjmsGgIM3YqpWVkMgFy"
1510718920919	Marionette	DEBUG	Received observer notification "outer-window-destroyed" for "6442451126"
1510718920919	Marionette	DEBUG	Received observer notification "outer-window-destroyed" for "6442451128"
1510718920981	Marionette	DEBUG	Received observer notification "outer-window-destroyed" for "6442451137"
1510718921171	Marionette	DEBUG	Received DOM event "pageshow" for "https://ipv6.google.com/sorry/index?continue=https://www.google.co.jp/search%3Fhl%3Den%26q%3DS%25C3%25A9rgio%2BRicardo%2BMessias%2BNeves%2BAl-Hilal%2BFC%26btnG%3DGoogle%2BSearch%26tbs%3D0%26safe%3Doff%26tbm%3D%26gws_rd%3Dcr%26dcr%3D0%26ei%3Dx70LWriwN8HD0gSw7Im4Aw&hl=en&q=EhAkBPgBgFAAAgAAAAAAAAKoGMj7rtAFIhkA8aeDSyYC9nbUaNkxodjmsGgIM3YqpWVkMgFy"
1510718981200	Marionette	DEBUG	Received DOM event "beforeunload" for "https://ipv6.google.com/sorry/index?continue=https://www.google.co.jp/search%3Fhl%3Den%26q%3DS%25C3%25A9rgio%2BRicardo%2BMessias%2BNeves%2BAl-Hilal%2BFC%26btnG%3DGoogle%2BSearch%26tbs%3D0%26safe%3Doff%26tbm%3D%26gws_rd%3Dcr%26dcr%3D0%26ei%3Dx70LWriwN8HD0gSw7Im4Aw&hl=en&q=EhAkBPgBgFAAAgAAAAAAAAKoGMj7rtAFIhkA8aeDSyYC9nbUaNkxodjmsGgIM3YqpWVkMgFy"
1510718981800	Marionette	DEBUG	Received DOM event "pagehide" for "https://ipv6.google.com/sorry/index?continue=https://www.google.co.jp/search%3Fhl%3Den%26q%3DS%25C3%25A9rgio%2BRicardo%2BMessias%2BNeves%2BAl-Hilal%2BFC%26btnG%3DGoogle%2BSearch%26tbs%3D0%26safe%3Doff%26tbm%3D%26gws_rd%3Dcr%26dcr%3D0%26ei%3Dx70LWriwN8HD0gSw7Im4Aw&hl=en&q=EhAkBPgBgFAAAgAAAAAAAAKoGMj7rtAFIhkA8aeDSyYC9nbUaNkxodjmsGgIM3YqpWVkMgFy"
1510718981800	Marionette	DEBUG	Received DOM event "unload" for "https://ipv6.google.com/sorry/index?continue=https://www.google.co.jp/search%3Fhl%3Den%26q%3DS%25C3%25A9rgio%2BRicardo%2BMessias%2BNeves%2BAl-Hilal%2BFC%26btnG%3DGoogle%2BSearch%26tbs%3D0%26safe%3Doff%26tbm%3D%26gws_rd%3Dcr%26dcr%3D0%26ei%3Dx70LWriwN8HD0gSw7Im4Aw&hl=en&q=EhAkBPgBgFAAAgAAAAAAAAKoGMj7rtAFIhkA8aeDSyYC9nbUaNkxodjmsGgIM3YqpWVkMgFy"
1510718981813	Marionette	DEBUG	Received DOM event "DOMContentLoaded" for "https://ipv6.google.com/sorry/index?continue=https://www.google.co.jp/search%3Fhl%3Den%26q%3DS%25C3%25A9rgio%2BRicardo%2BMessias%2BNeves%2BAl-Hilal%2BFC%26btnG%3DGoogle%2BSearch%26tbs%3D0%26safe%3Doff%26tbm%3D%26gws_rd%3Dcr%26dcr%3D0%26ei%3DBb4LWpHcEIvO0gSWwq7IDw&hl=en&q=EhAkBPgBgFAAAgAAAAAAAAKoGIX8rtAFIhkA8aeDS1wGA0zGwnRgyYuTM9388hRJgN9UMgFy"
1510718982288	Marionette	DEBUG	Received observer notification "outer-window-destroyed" for "6442451134"
1510718982288	Marionette	DEBUG	Received observer notification "outer-window-destroyed" for "6442451136"
1510718982350	Marionette	DEBUG	Received observer notification "outer-window-destroyed" for "6442451145"
1510718982543	Marionette	DEBUG	Received DOM event "pageshow" for "https://ipv6.google.com/sorry/index?continue=https://www.google.co.jp/search%3Fhl%3Den%26q%3DS%25C3%25A9rgio%2BRicardo%2BMessias%2BNeves%2BAl-Hilal%2BFC%26btnG%3DGoogle%2BSearch%26tbs%3D0%26safe%3Doff%26tbm%3D%26gws_rd%3Dcr%26dcr%3D0%26ei%3DBb4LWpHcEIvO0gSWwq7IDw&hl=en&q=EhAkBPgBgFAAAgAAAAAAAAKoGIX8rtAFIhkA8aeDS1wGA0zGwnRgyYuTM9388hRJgN9UMgFy"
1510719042571	Marionette	DEBUG	Received DOM event "beforeunload" for "https://ipv6.google.com/sorry/index?continue=https://www.google.co.jp/search%3Fhl%3Den%26q%3DS%25C3%25A9rgio%2BRicardo%2BMessias%2BNeves%2BAl-Hilal%2BFC%26btnG%3DGoogle%2BSearch%26tbs%3D0%26safe%3Doff%26tbm%3D%26gws_rd%3Dcr%26dcr%3D0%26ei%3DBb4LWpHcEIvO0gSWwq7IDw&hl=en&q=EhAkBPgBgFAAAgAAAAAAAAKoGIX8rtAFIhkA8aeDS1wGA0zGwnRgyYuTM9388hRJgN9UMgFy"
1510719043192	Marionette	DEBUG	Received DOM event "pagehide" for "https://ipv6.google.com/sorry/index?continue=https://www.google.co.jp/search%3Fhl%3Den%26q%3DS%25C3%25A9rgio%2BRicardo%2BMessias%2BNeves%2BAl-Hilal%2BFC%26btnG%3DGoogle%2BSearch%26tbs%3D0%26safe%3Doff%26tbm%3D%26gws_rd%3Dcr%26dcr%3D0%26ei%3DBb4LWpHcEIvO0gSWwq7IDw&hl=en&q=EhAkBPgBgFAAAgAAAAAAAAKoGIX8rtAFIhkA8aeDS1wGA0zGwnRgyYuTM9388hRJgN9UMgFy"
1510719043192	Marionette	DEBUG	Received DOM event "unload" for "https://ipv6.google.com/sorry/index?continue=https://www.google.co.jp/search%3Fhl%3Den%26q%3DS%25C3%25A9rgio%2BRicardo%2BMessias%2BNeves%2BAl-Hilal%2BFC%26btnG%3DGoogle%2BSearch%26tbs%3D0%26safe%3Doff%26tbm%3D%26gws_rd%3Dcr%26dcr%3D0%26ei%3DBb4LWpHcEIvO0gSWwq7IDw&hl=en&q=EhAkBPgBgFAAAgAAAAAAAAKoGIX8rtAFIhkA8aeDS1wGA0zGwnRgyYuTM9388hRJgN9UMgFy"
1510719043205	Marionette	DEBUG	Received DOM event "DOMContentLoaded" for "https://ipv6.google.com/sorry/index?continue=https://www.google.co.jp/search%3Fhl%3Den%26q%3DS%25C3%25A9rgio%2BRicardo%2BMessias%2BNeves%2BAl-Hilal%2BFC%26btnG%3DGoogle%2BSearch%26tbs%3D0%26safe%3Doff%26tbm%3D%26gws_rd%3Dcr%26dcr%3D0%26ei%3DQr4LWpeFJ4aF0QTg87yoDg&hl=en&q=EhAkBPgBgFAAAgAAAAAAAAKoGML8rtAFIhkA8aeDS8x38unqXnWxu7DSPBA8GkjE4XQCMgFy"
1510719043676	Marionette	DEBUG	Received observer notification "outer-window-destroyed" for "6442451142"
1510719043677	Marionette	DEBUG	Received observer notification "outer-window-destroyed" for "6442451144"
1510719043741	Marionette	DEBUG	Received observer notification "outer-window-destroyed" for "6442451153"
1510719043928	Marionette	DEBUG	Received DOM event "pageshow" for "https://ipv6.google.com/sorry/index?continue=https://www.google.co.jp/search%3Fhl%3Den%26q%3DS%25C3%25A9rgio%2BRicardo%2BMessias%2BNeves%2BAl-Hilal%2BFC%26btnG%3DGoogle%2BSearch%26tbs%3D0%26safe%3Doff%26tbm%3D%26gws_rd%3Dcr%26dcr%3D0%26ei%3DQr4LWpeFJ4aF0QTg87yoDg&hl=en&q=EhAkBPgBgFAAAgAAAAAAAAKoGML8rtAFIhkA8aeDS8x38unqXnWxu7DSPBA8GkjE4XQCMgFy"
1510719103968	Marionette	DEBUG	Received DOM event "beforeunload" for "https://ipv6.google.com/sorry/index?continue=https://www.google.co.jp/search%3Fhl%3Den%26q%3DS%25C3%25A9rgio%2BRicardo%2BMessias%2BNeves%2BAl-Hilal%2BFC%26btnG%3DGoogle%2BSearch%26tbs%3D0%26safe%3Doff%26tbm%3D%26gws_rd%3Dcr%26dcr%3D0%26ei%3DQr4LWpeFJ4aF0QTg87yoDg&hl=en&q=EhAkBPgBgFAAAgAAAAAAAAKoGML8rtAFIhkA8aeDS8x38unqXnWxu7DSPBA8GkjE4XQCMgFy"
1510719104769	Marionette	DEBUG	Received DOM event "pagehide" for "https://ipv6.google.com/sorry/index?continue=https://www.google.co.jp/search%3Fhl%3Den%26q%3DS%25C3%25A9rgio%2BRicardo%2BMessias%2BNeves%2BAl-Hilal%2BFC%26btnG%3DGoogle%2BSearch%26tbs%3D0%26safe%3Doff%26tbm%3D%26gws_rd%3Dcr%26dcr%3D0%26ei%3DQr4LWpeFJ4aF0QTg87yoDg&hl=en&q=EhAkBPgBgFAAAgAAAAAAAAKoGML8rtAFIhkA8aeDS8x38unqXnWxu7DSPBA8GkjE4XQCMgFy"
1510719104769	Marionette	DEBUG	Received DOM event "unload" for "https://ipv6.google.com/sorry/index?continue=https://www.google.co.jp/search%3Fhl%3Den%26q%3DS%25C3%25A9rgio%2BRicardo%2BMessias%2BNeves%2BAl-Hilal%2BFC%26btnG%3DGoogle%2BSearch%26tbs%3D0%26safe%3Doff%26tbm%3D%26gws_rd%3Dcr%26dcr%3D0%26ei%3DQr4LWpeFJ4aF0QTg87yoDg&hl=en&q=EhAkBPgBgFAAAgAAAAAAAAKoGML8rtAFIhkA8aeDS8x38unqXnWxu7DSPBA8GkjE4XQCMgFy"
1510719104847	Marionette	DEBUG	Received DOM event "DOMContentLoaded" for "https://ipv6.google.com/sorry/index?continue=https://www.google.co.jp/search%3Fhl%3Den%26q%3DS%25C3%25A9rgio%2BRicardo%2BMessias%2BNeves%2BAl-Hilal%2BFC%26btnG%3DGoogle%2BSearch%26tbs%3D0%26safe%3Doff%26tbm%3D%26gws_rd%3Dcr%26dcr%3D0%26ei%3DgL4LWv69AsfO0AToyZmQCQ&hl=en&q=EhAkBPgBgFAAAgAAAAAAAAKoGID9rtAFIhkA8aeDS5YBqnvaqNsrsRfsELNwmHUv_P-XMgFy"
1510719105182	Marionette	DEBUG	Received observer notification "outer-window-destroyed" for "6442451150"
1510719105182	Marionette	DEBUG	Received observer notification "outer-window-destroyed" for "6442451152"
1510719105243	Marionette	DEBUG	Received observer notification "outer-window-destroyed" for "6442451161"
1510719105466	Marionette	DEBUG	Received DOM event "pageshow" for "https://ipv6.google.com/sorry/index?continue=https://www.google.co.jp/search%3Fhl%3Den%26q%3DS%25C3%25A9rgio%2BRicardo%2BMessias%2BNeves%2BAl-Hilal%2BFC%26btnG%3DGoogle%2BSearch%26tbs%3D0%26safe%3Doff%26tbm%3D%26gws_rd%3Dcr%26dcr%3D0%26ei%3DgL4LWv69AsfO0AToyZmQCQ&hl=en&q=EhAkBPgBgFAAAgAAAAAAAAKoGID9rtAFIhkA8aeDS5YBqnvaqNsrsRfsELNwmHUv_P-XMgFy"
1510719165514	Marionette	DEBUG	Received DOM event "beforeunload" for "https://ipv6.google.com/sorry/index?continue=https://www.google.co.jp/search%3Fhl%3Den%26q%3DS%25C3%25A9rgio%2BRicardo%2BMessias%2BNeves%2BAl-Hilal%2BFC%26btnG%3DGoogle%2BSearch%26tbs%3D0%26safe%3Doff%26tbm%3D%26gws_rd%3Dcr%26dcr%3D0%26ei%3DgL4LWv69AsfO0AToyZmQCQ&hl=en&q=EhAkBPgBgFAAAgAAAAAAAAKoGID9rtAFIhkA8aeDS5YBqnvaqNsrsRfsELNwmHUv_P-XMgFy"
1510719166396	Marionette	DEBUG	Received DOM event "pagehide" for "https://ipv6.google.com/sorry/index?continue=https://www.google.co.jp/search%3Fhl%3Den%26q%3DS%25C3%25A9rgio%2BRicardo%2BMessias%2BNeves%2BAl-Hilal%2BFC%26btnG%3DGoogle%2BSearch%26tbs%3D0%26safe%3Doff%26tbm%3D%26gws_rd%3Dcr%26dcr%3D0%26ei%3DgL4LWv69AsfO0AToyZmQCQ&hl=en&q=EhAkBPgBgFAAAgAAAAAAAAKoGID9rtAFIhkA8aeDS5YBqnvaqNsrsRfsELNwmHUv_P-XMgFy"
1510719166396	Marionette	DEBUG	Received DOM event "unload" for "https://ipv6.google.com/sorry/index?continue=https://www.google.co.jp/search%3Fhl%3Den%26q%3DS%25C3%25A9rgio%2BRicardo%2BMessias%2BNeves%2BAl-Hilal%2BFC%26btnG%3DGoogle%2BSearch%26tbs%3D0%26safe%3Doff%26tbm%3D%26gws_rd%3Dcr%26dcr%3D0%26ei%3DgL4LWv69AsfO0AToyZmQCQ&hl=en&q=EhAkBPgBgFAAAgAAAAAAAAKoGID9rtAFIhkA8aeDS5YBqnvaqNsrsRfsELNwmHUv_P-XMgFy"
1510719166409	Marionette	DEBUG	Received DOM event "DOMContentLoaded" for "https://ipv6.google.com/sorry/index?continue=https://www.google.co.jp/search%3Fhl%3Den%26q%3DS%25C3%25A9rgio%2BRicardo%2BMessias%2BNeves%2BAl-Hilal%2BFC%26btnG%3DGoogle%2BSearch%26tbs%3D0%26safe%3Doff%26tbm%3D%26gws_rd%3Dcr%26dcr%3D0%26ei%3Dvb4LWufpI8Td0ATbmKuICw&hl=en&q=EhAkBPgBgFAAAgAAAAAAAAKoGL39rtAFIhkA8aeDS7qmjaaQrPhQay3OgL7v65CtRYOdMgFy"
1510719167442	Marionette	DEBUG	Received observer notification "outer-window-destroyed" for "6442451158"
1510719167442	Marionette	DEBUG	Received observer notification "outer-window-destroyed" for "6442451160"
1510719168597	Marionette	DEBUG	Received observer notification "outer-window-destroyed" for "6442451169"
1510719168811	Marionette	DEBUG	Received DOM event "pageshow" for "https://ipv6.google.com/sorry/index?continue=https://www.google.co.jp/search%3Fhl%3Den%26q%3DS%25C3%25A9rgio%2BRicardo%2BMessias%2BNeves%2BAl-Hilal%2BFC%26btnG%3DGoogle%2BSearch%26tbs%3D0%26safe%3Doff%26tbm%3D%26gws_rd%3Dcr%26dcr%3D0%26ei%3Dvb4LWufpI8Td0ATbmKuICw&hl=en&q=EhAkBPgBgFAAAgAAAAAAAAKoGL39rtAFIhkA8aeDS7qmjaaQrPhQay3OgL7v65CtRYOdMgFy"
1510719228825	Marionette	DEBUG	Received DOM event "beforeunload" for "https://ipv6.google.com/sorry/index?continue=https://www.google.co.jp/search%3Fhl%3Den%26q%3DS%25C3%25A9rgio%2BRicardo%2BMessias%2BNeves%2BAl-Hilal%2BFC%26btnG%3DGoogle%2BSearch%26tbs%3D0%26safe%3Doff%26tbm%3D%26gws_rd%3Dcr%26dcr%3D0%26ei%3Dvb4LWufpI8Td0ATbmKuICw&hl=en&q=EhAkBPgBgFAAAgAAAAAAAAKoGL39rtAFIhkA8aeDS7qmjaaQrPhQay3OgL7v65CtRYOdMgFy"
1510719229553	Marionette	DEBUG	Received DOM event "pagehide" for "https://ipv6.google.com/sorry/index?continue=https://www.google.co.jp/search%3Fhl%3Den%26q%3DS%25C3%25A9rgio%2BRicardo%2BMessias%2BNeves%2BAl-Hilal%2BFC%26btnG%3DGoogle%2BSearch%26tbs%3D0%26safe%3Doff%26tbm%3D%26gws_rd%3Dcr%26dcr%3D0%26ei%3Dvb4LWufpI8Td0ATbmKuICw&hl=en&q=EhAkBPgBgFAAAgAAAAAAAAKoGL39rtAFIhkA8aeDS7qmjaaQrPhQay3OgL7v65CtRYOdMgFy"
1510719229553	Marionette	DEBUG	Received DOM event "unload" for "https://ipv6.google.com/sorry/index?continue=https://www.google.co.jp/search%3Fhl%3Den%26q%3DS%25C3%25A9rgio%2BRicardo%2BMessias%2BNeves%2BAl-Hilal%2BFC%26btnG%3DGoogle%2BSearch%26tbs%3D0%26safe%3Doff%26tbm%3D%26gws_rd%3Dcr%26dcr%3D0%26ei%3Dvb4LWufpI8Td0ATbmKuICw&hl=en&q=EhAkBPgBgFAAAgAAAAAAAAKoGL39rtAFIhkA8aeDS7qmjaaQrPhQay3OgL7v65CtRYOdMgFy"
1510719229569	Marionette	DEBUG	Received DOM event "DOMContentLoaded" for "https://ipv6.google.com/sorry/index?continue=https://www.google.co.jp/search%3Fhl%3Den%26q%3DS%25C3%25A9rgio%2BRicardo%2BMessias%2BNeves%2BAl-Hilal%2BFC%26btnG%3DGoogle%2BSearch%26tbs%3D0%26safe%3Doff%26tbm%3D%26gws_rd%3Dcr%26dcr%3D0%26ei%3D_L4LWpTpNsy10ASE0o_QBA&hl=en&q=EhAkBPgBgFAAAgAAAAAAAAKoGP39rtAFIhkA8aeDS7zWHv9uXpwb-GwtsTFGp835AbSFMgFy"
1510719229866	Marionette	DEBUG	Received observer notification "outer-window-destroyed" for "6442451166"
1510719229866	Marionette	DEBUG	Received observer notification "outer-window-destroyed" for "6442451168"
1510719229928	Marionette	DEBUG	Received observer notification "outer-window-destroyed" for "6442451177"
1510719230114	Marionette	DEBUG	Received DOM event "pageshow" for "https://ipv6.google.com/sorry/index?continue=https://www.google.co.jp/search%3Fhl%3Den%26q%3DS%25C3%25A9rgio%2BRicardo%2BMessias%2BNeves%2BAl-Hilal%2BFC%26btnG%3DGoogle%2BSearch%26tbs%3D0%26safe%3Doff%26tbm%3D%26gws_rd%3Dcr%26dcr%3D0%26ei%3D_L4LWpTpNsy10ASE0o_QBA&hl=en&q=EhAkBPgBgFAAAgAAAAAAAAKoGP39rtAFIhkA8aeDS7zWHv9uXpwb-GwtsTFGp835AbSFMgFy"
1510719290134	Marionette	DEBUG	Received DOM event "beforeunload" for "https://ipv6.google.com/sorry/index?continue=https://www.google.co.jp/search%3Fhl%3Den%26q%3DS%25C3%25A9rgio%2BRicardo%2BMessias%2BNeves%2BAl-Hilal%2BFC%26btnG%3DGoogle%2BSearch%26tbs%3D0%26safe%3Doff%26tbm%3D%26gws_rd%3Dcr%26dcr%3D0%26ei%3D_L4LWpTpNsy10ASE0o_QBA&hl=en&q=EhAkBPgBgFAAAgAAAAAAAAKoGP39rtAFIhkA8aeDS7zWHv9uXpwb-GwtsTFGp835AbSFMgFy"
1510719290934	Marionette	DEBUG	Received DOM event "pagehide" for "https://ipv6.google.com/sorry/index?continue=https://www.google.co.jp/search%3Fhl%3Den%26q%3DS%25C3%25A9rgio%2BRicardo%2BMessias%2BNeves%2BAl-Hilal%2BFC%26btnG%3DGoogle%2BSearch%26tbs%3D0%26safe%3Doff%26tbm%3D%26gws_rd%3Dcr%26dcr%3D0%26ei%3D_L4LWpTpNsy10ASE0o_QBA&hl=en&q=EhAkBPgBgFAAAgAAAAAAAAKoGP39rtAFIhkA8aeDS7zWHv9uXpwb-GwtsTFGp835AbSFMgFy"
1510719290935	Marionette	DEBUG	Received DOM event "unload" for "https://ipv6.google.com/sorry/index?continue=https://www.google.co.jp/search%3Fhl%3Den%26q%3DS%25C3%25A9rgio%2BRicardo%2BMessias%2BNeves%2BAl-Hilal%2BFC%26btnG%3DGoogle%2BSearch%26tbs%3D0%26safe%3Doff%26tbm%3D%26gws_rd%3Dcr%26dcr%3D0%26ei%3D_L4LWpTpNsy10ASE0o_QBA&hl=en&q=EhAkBPgBgFAAAgAAAAAAAAKoGP39rtAFIhkA8aeDS7zWHv9uXpwb-GwtsTFGp835AbSFMgFy"
1510719290949	Marionette	DEBUG	Received DOM event "DOMContentLoaded" for "https://ipv6.google.com/sorry/index?continue=https://www.google.co.jp/search%3Fhl%3Den%26q%3DS%25C3%25A9rgio%2BRicardo%2BMessias%2BNeves%2BAl-Hilal%2BFC%26btnG%3DGoogle%2BSearch%26tbs%3D0%26safe%3Doff%26tbm%3D%26gws_rd%3Dcr%26dcr%3D0%26ei%3DOr8LWtHUDIXK0ASriIzIDg&hl=en&q=EhAkBPgBgFAAAgAAAAAAAAKoGLr-rtAFIhkA8aeDSy-YgZ0oNG7PKrFwrH4FQ0YCRbXLMgFy"
1510719291276	Marionette	DEBUG	Received observer notification "outer-window-destroyed" for "6442451174"
1510719291276	Marionette	DEBUG	Received observer notification "outer-window-destroyed" for "6442451176"
1510719291337	Marionette	DEBUG	Received observer notification "outer-window-destroyed" for "6442451185"
1510719291600	Marionette	DEBUG	Received DOM event "pageshow" for "https://ipv6.google.com/sorry/index?continue=https://www.google.co.jp/search%3Fhl%3Den%26q%3DS%25C3%25A9rgio%2BRicardo%2BMessias%2BNeves%2BAl-Hilal%2BFC%26btnG%3DGoogle%2BSearch%26tbs%3D0%26safe%3Doff%26tbm%3D%26gws_rd%3Dcr%26dcr%3D0%26ei%3DOr8LWtHUDIXK0ASriIzIDg&hl=en&q=EhAkBPgBgFAAAgAAAAAAAAKoGLr-rtAFIhkA8aeDSy-YgZ0oNG7PKrFwrH4FQ0YCRbXLMgFy"
1510719351671	Marionette	DEBUG	Received DOM event "beforeunload" for "https://ipv6.google.com/sorry/index?continue=https://www.google.co.jp/search%3Fhl%3Den%26q%3DS%25C3%25A9rgio%2BRicardo%2BMessias%2BNeves%2BAl-Hilal%2BFC%26btnG%3DGoogle%2BSearch%26tbs%3D0%26safe%3Doff%26tbm%3D%26gws_rd%3Dcr%26dcr%3D0%26ei%3DOr8LWtHUDIXK0ASriIzIDg&hl=en&q=EhAkBPgBgFAAAgAAAAAAAAKoGLr-rtAFIhkA8aeDSy-YgZ0oNG7PKrFwrH4FQ0YCRbXLMgFy"
1510719352820	Marionette	DEBUG	Received DOM event "pagehide" for "https://ipv6.google.com/sorry/index?continue=https://www.google.co.jp/search%3Fhl%3Den%26q%3DS%25C3%25A9rgio%2BRicardo%2BMessias%2BNeves%2BAl-Hilal%2BFC%26btnG%3DGoogle%2BSearch%26tbs%3D0%26safe%3Doff%26tbm%3D%26gws_rd%3Dcr%26dcr%3D0%26ei%3DOr8LWtHUDIXK0ASriIzIDg&hl=en&q=EhAkBPgBgFAAAgAAAAAAAAKoGLr-rtAFIhkA8aeDSy-YgZ0oNG7PKrFwrH4FQ0YCRbXLMgFy"
1510719352820	Marionette	DEBUG	Received DOM event "unload" for "https://ipv6.google.com/sorry/index?continue=https://www.google.co.jp/search%3Fhl%3Den%26q%3DS%25C3%25A9rgio%2BRicardo%2BMessias%2BNeves%2BAl-Hilal%2BFC%26btnG%3DGoogle%2BSearch%26tbs%3D0%26safe%3Doff%26tbm%3D%26gws_rd%3Dcr%26dcr%3D0%26ei%3DOr8LWtHUDIXK0ASriIzIDg&hl=en&q=EhAkBPgBgFAAAgAAAAAAAAKoGLr-rtAFIhkA8aeDSy-YgZ0oNG7PKrFwrH4FQ0YCRbXLMgFy"
1510719352826	Marionette	DEBUG	Received DOM event "DOMContentLoaded" for "https://ipv6.google.com/sorry/index?continue=https://www.google.co.jp/search%3Fhl%3Den%26q%3DS%25C3%25A9rgio%2BRicardo%2BMessias%2BNeves%2BAl-Hilal%2BFC%26btnG%3DGoogle%2BSearch%26tbs%3D0%26safe%3Doff%26tbm%3D%26gws_rd%3Dcr%26dcr%3D0%26ei%3Dd78LWqSGLtHo0gS1hZuYDQ&hl=en&q=EhAkBPgBgFAAAgAAAAAAAAKoGPf-rtAFIhkA8aeDS5uyds_ETPcwOq_FHmD7uBwn4VCHMgFy"
1510719353844	Marionette	DEBUG	Received observer notification "outer-window-destroyed" for "6442451182"
1510719353845	Marionette	DEBUG	Received observer notification "outer-window-destroyed" for "6442451184"
1510719354212	Marionette	DEBUG	Received observer notification "outer-window-destroyed" for "6442451193"
1510719354374	Marionette	DEBUG	Received DOM event "pageshow" for "https://ipv6.google.com/sorry/index?continue=https://www.google.co.jp/search%3Fhl%3Den%26q%3DS%25C3%25A9rgio%2BRicardo%2BMessias%2BNeves%2BAl-Hilal%2BFC%26btnG%3DGoogle%2BSearch%26tbs%3D0%26safe%3Doff%26tbm%3D%26gws_rd%3Dcr%26dcr%3D0%26ei%3Dd78LWqSGLtHo0gS1hZuYDQ&hl=en&q=EhAkBPgBgFAAAgAAAAAAAAKoGPf-rtAFIhkA8aeDS5uyds_ETPcwOq_FHmD7uBwn4VCHMgFy"
1510719414388	Marionette	DEBUG	Received DOM event "beforeunload" for "https://ipv6.google.com/sorry/index?continue=https://www.google.co.jp/search%3Fhl%3Den%26q%3DS%25C3%25A9rgio%2BRicardo%2BMessias%2BNeves%2BAl-Hilal%2BFC%26btnG%3DGoogle%2BSearch%26tbs%3D0%26safe%3Doff%26tbm%3D%26gws_rd%3Dcr%26dcr%3D0%26ei%3Dd78LWqSGLtHo0gS1hZuYDQ&hl=en&q=EhAkBPgBgFAAAgAAAAAAAAKoGPf-rtAFIhkA8aeDS5uyds_ETPcwOq_FHmD7uBwn4VCHMgFy"
1510719415230	Marionette	DEBUG	Received DOM event "pagehide" for "https://ipv6.google.com/sorry/index?continue=https://www.google.co.jp/search%3Fhl%3Den%26q%3DS%25C3%25A9rgio%2BRicardo%2BMessias%2BNeves%2BAl-Hilal%2BFC%26btnG%3DGoogle%2BSearch%26tbs%3D0%26safe%3Doff%26tbm%3D%26gws_rd%3Dcr%26dcr%3D0%26ei%3Dd78LWqSGLtHo0gS1hZuYDQ&hl=en&q=EhAkBPgBgFAAAgAAAAAAAAKoGPf-rtAFIhkA8aeDS5uyds_ETPcwOq_FHmD7uBwn4VCHMgFy"
1510719415230	Marionette	DEBUG	Received DOM event "unload" for "https://ipv6.google.com/sorry/index?continue=https://www.google.co.jp/search%3Fhl%3Den%26q%3DS%25C3%25A9rgio%2BRicardo%2BMessias%2BNeves%2BAl-Hilal%2BFC%26btnG%3DGoogle%2BSearch%26tbs%3D0%26safe%3Doff%26tbm%3D%26gws_rd%3Dcr%26dcr%3D0%26ei%3Dd78LWqSGLtHo0gS1hZuYDQ&hl=en&q=EhAkBPgBgFAAAgAAAAAAAAKoGPf-rtAFIhkA8aeDS5uyds_ETPcwOq_FHmD7uBwn4VCHMgFy"
1510719415237	Marionette	DEBUG	Received DOM event "DOMContentLoaded" for "https://ipv6.google.com/sorry/index?continue=https://www.google.co.jp/search%3Fhl%3Den%26q%3DS%25C3%25A9rgio%2BRicardo%2BMessias%2BNeves%2BAl-Hilal%2BFC%26btnG%3DGoogle%2BSearch%26tbs%3D0%26safe%3Doff%26tbm%3D%26gws_rd%3Dcr%26dcr%3D0%26ei%3Dtr8LWpSEHIbA0gTEnpTADQ&hl=en&q=EhAkBPgBgFAAAgAAAAAAAAKoGLb_rtAFIhkA8aeDS-jleY3zQlk4EwSitFNPiIXTjkomMgFy"
1510719415613	Marionette	DEBUG	Received observer notification "outer-window-destroyed" for "6442451190"
1510719415613	Marionette	DEBUG	Received observer notification "outer-window-destroyed" for "6442451192"
1510719415675	Marionette	DEBUG	Received observer notification "outer-window-destroyed" for "6442451200"
1510719415908	Marionette	DEBUG	Received DOM event "pageshow" for "https://ipv6.google.com/sorry/index?continue=https://www.google.co.jp/search%3Fhl%3Den%26q%3DS%25C3%25A9rgio%2BRicardo%2BMessias%2BNeves%2BAl-Hilal%2BFC%26btnG%3DGoogle%2BSearch%26tbs%3D0%26safe%3Doff%26tbm%3D%26gws_rd%3Dcr%26dcr%3D0%26ei%3Dtr8LWpSEHIbA0gTEnpTADQ&hl=en&q=EhAkBPgBgFAAAgAAAAAAAAKoGLb_rtAFIhkA8aeDS-jleY3zQlk4EwSitFNPiIXTjkomMgFy"
1510719475945	Marionette	DEBUG	Received DOM event "beforeunload" for "https://ipv6.google.com/sorry/index?continue=https://www.google.co.jp/search%3Fhl%3Den%26q%3DS%25C3%25A9rgio%2BRicardo%2BMessias%2BNeves%2BAl-Hilal%2BFC%26btnG%3DGoogle%2BSearch%26tbs%3D0%26safe%3Doff%26tbm%3D%26gws_rd%3Dcr%26dcr%3D0%26ei%3Dtr8LWpSEHIbA0gTEnpTADQ&hl=en&q=EhAkBPgBgFAAAgAAAAAAAAKoGLb_rtAFIhkA8aeDS-jleY3zQlk4EwSitFNPiIXTjkomMgFy"
1510719476776	Marionette	DEBUG	Received DOM event "pagehide" for "https://ipv6.google.com/sorry/index?continue=https://www.google.co.jp/search%3Fhl%3Den%26q%3DS%25C3%25A9rgio%2BRicardo%2BMessias%2BNeves%2BAl-Hilal%2BFC%26btnG%3DGoogle%2BSearch%26tbs%3D0%26safe%3Doff%26tbm%3D%26gws_rd%3Dcr%26dcr%3D0%26ei%3Dtr8LWpSEHIbA0gTEnpTADQ&hl=en&q=EhAkBPgBgFAAAgAAAAAAAAKoGLb_rtAFIhkA8aeDS-jleY3zQlk4EwSitFNPiIXTjkomMgFy"
1510719476776	Marionette	DEBUG	Received DOM event "unload" for "https://ipv6.google.com/sorry/index?continue=https://www.google.co.jp/search%3Fhl%3Den%26q%3DS%25C3%25A9rgio%2BRicardo%2BMessias%2BNeves%2BAl-Hilal%2BFC%26btnG%3DGoogle%2BSearch%26tbs%3D0%26safe%3Doff%26tbm%3D%26gws_rd%3Dcr%26dcr%3D0%26ei%3Dtr8LWpSEHIbA0gTEnpTADQ&hl=en&q=EhAkBPgBgFAAAgAAAAAAAAKoGLb_rtAFIhkA8aeDS-jleY3zQlk4EwSitFNPiIXTjkomMgFy"
1510719476854	Marionette	DEBUG	Received DOM event "DOMContentLoaded" for "https://ipv6.google.com/sorry/index?continue=https://www.google.co.jp/search%3Fhl%3Den%26q%3DS%25C3%25A9rgio%2BRicardo%2BMessias%2BNeves%2BAl-Hilal%2BFC%26btnG%3DGoogle%2BSearch%26tbs%3D0%26safe%3Doff%26tbm%3D%26gws_rd%3Dcr%26dcr%3D0%26ei%3D9L8LWpKWAcud0gT1q4-QCw&hl=en&q=EhAkBPgBgFAAAgAAAAAAAAKoGPT_rtAFIhkA8aeDS2Wz1hCB857UuTcVeiolW8R87yjJMgFy"
1510719477272	Marionette	DEBUG	Received observer notification "outer-window-destroyed" for "6442451197"
1510719477273	Marionette	DEBUG	Received observer notification "outer-window-destroyed" for "6442451199"
1510719477336	Marionette	DEBUG	Received observer notification "outer-window-destroyed" for "6442451208"
1510719477526	Marionette	DEBUG	Received DOM event "pageshow" for "https://ipv6.google.com/sorry/index?continue=https://www.google.co.jp/search%3Fhl%3Den%26q%3DS%25C3%25A9rgio%2BRicardo%2BMessias%2BNeves%2BAl-Hilal%2BFC%26btnG%3DGoogle%2BSearch%26tbs%3D0%26safe%3Doff%26tbm%3D%26gws_rd%3Dcr%26dcr%3D0%26ei%3D9L8LWpKWAcud0gT1q4-QCw&hl=en&q=EhAkBPgBgFAAAgAAAAAAAAKoGPT_rtAFIhkA8aeDS2Wz1hCB857UuTcVeiolW8R87yjJMgFy"
[Parent 14760] WARNING: pipe error: 109: file z:/build/build/src/ipc/chromium/src/chrome/common/ipc_channel_win.cc, line 346
Unable to read VR Path Registry from C:\Users\v-haolin\AppData\Local\openvr\openvrpaths.vrpath
[Child 13780] WARNING: pipe error: 109: file z:/build/build/src/ipc/chromium/src/chrome/common/ipc_channel_win.cc, line 346
[Child 13780] WARNING: pipe error: 109: file z:/build/build/src/ipc/chromium/src/chrome/common/ipc_channel_win.cc, line 346
Unable to read VR Path Registry from C:\Users\v-haolin\AppData\Local\openvr\openvrpaths.vrpath
[Child 9760] WARNING: pipe error: 109: file z:/build/build/src/ipc/chromium/src/chrome/common/ipc_channel_win.cc, line 346
[Child 9760] WARNING: pipe error: 109: file z:/build/build/src/ipc/chromium/src/chrome/common/ipc_channel_win.cc, line 346
Unable to read VR Path Registry from C:\Users\v-haolin\AppData\Local\openvr\openvrpaths.vrpath
[GPU 17304] WARNING: pipe error: 109: file z:/build/build/src/ipc/chromium/src/chrome/common/ipc_channel_win.cc, line 346
